torch version: 2.0.1+cu118
CUDA available: True
CUDA device: NVIDIA RTX 2000 Ada Generation
=== Running QM9 Debug Planarity Experiment ===
Config: debug/edge_deletion/planarity/qm9_debug_planar
Dataset: /home/rislek/ConStruct-Thesis/data/qm9
Job ID: 974751
Node: debug02
Time: Fri 01 Aug 2025 05:33:49 PM UTC
=== Checking QM9 dataset ===
✅ QM9 dataset found at /home/rislek/ConStruct-Thesis/data/qm9
=== Running Debug Planarity Experiment ===
This will test planarity constraint enforcement on QM9
<frozen importlib._bootstrap>:228: RuntimeWarning: to-Python converter for std::pair<double, double> already registered; second conversion method ignored.
[rank: 0] Global seed set to 0
Loading reference metrics.
Edge-deletion transition model (for 'at most' constraints)
GPU available: True (cuda), used: True
TPU available: False, using: 0 TPU cores
IPU available: False, using: 0 IPUs
HPU available: False, using: 0 HPUs
[rank: 0] Global seed set to 0
Initializing distributed: GLOBAL_RANK: 0, MEMBER: 1/1
[2025-08-01 17:34:05,062][torch.distributed.distributed_c10d][INFO] - Added key: store_based_barrier_key:1 to store for rank: 0
[2025-08-01 17:34:05,062][torch.distributed.distributed_c10d][INFO] - Rank 0: Completed store-based barrier for key:store_based_barrier_key:1 with 1 nodes.
----------------------------------------------------------------------------------------------------
distributed_backend=nccl
All distributed processes registered. Starting with 1 processes
----------------------------------------------------------------------------------------------------

You are using a CUDA device ('NVIDIA RTX 2000 Ada Generation') that has Tensor Cores. To properly utilize them, you should set `torch.set_float32_matmul_precision('medium' | 'high')` which will trade-off precision for performance. For more details, read https://pytorch.org/docs/stable/generated/torch.set_float32_matmul_precision.html#torch.set_float32_matmul_precision
LOCAL_RANK: 0 - CUDA_VISIBLE_DEVICES: [0]

  | Name                  | Type                  | Params
----------------------------------------------------------------
0 | train_loss            | TrainLoss             | 0     
1 | train_metrics         | TrainMolecularMetrics | 0     
2 | val_metrics           | MetricCollection      | 0     
3 | val_nll               | NLL                   | 0     
4 | val_sampling_metrics  | SamplingMetrics       | 0     
5 | test_metrics          | MetricCollection      | 0     
6 | test_nll              | NLL                   | 0     
7 | test_sampling_metrics | SamplingMetrics       | 0     
8 | model                 | GraphTransformer      | 1.9 M 
----------------------------------------------------------------
1.9 M     Trainable params
0         Non-trainable params
1.9 M     Total params
7.446     Total estimated model params size (MB)
SLURM auto-requeueing enabled. Setting signal handlers.
Epoch 0: val/epoch_NLL: 127.32 -- val/X_kl: 7.40 -- val/E_kl: 108.43 -- val/charges_kl: 5.01 
Val loss: 127.3223 	 Best val loss:  127.3223

Val epoch 0 ends
Starting epoch 0
[2025-08-01 17:34:07,574][torch.nn.parallel.distributed][INFO] - Reducer buckets have been rebuilt in this iteration.
Train epoch 0 ends
Epoch 0 finished: X: 0.52 -- charges: 0.09 -- E: 0.41 -- y: -1.00 -- 149.3s 
Epoch 0: {'CarbonCE': 0.398, 'NitroCE': 0.237, 'OxyCE': 0.287, 'FluorCE': 0.015} -- {'NoBondCE': 0.343, 'SingleCE': 0.321, 'DoubleCE': 0.068, 'TripleCE': 0.027, 'AromaticCE': 0.005}
Starting epoch 1
Train epoch 1 ends
Epoch 1 finished: X: 0.48 -- charges: 0.09 -- E: 0.39 -- y: -1.00 -- 144.3s 
Epoch 1: {'CarbonCE': 0.373, 'NitroCE': 0.223, 'OxyCE': 0.268, 'FluorCE': 0.01} -- {'NoBondCE': 0.33, 'SingleCE': 0.309, 'DoubleCE': 0.062, 'TripleCE': 0.022, 'AromaticCE': 0.0}
Starting epoch 2
Epoch 2: val/epoch_NLL: 73.93 -- val/X_kl: 3.24 -- val/E_kl: 69.50 -- val/charges_kl: 0.65 
Val loss: 73.9322 	 Best val loss:  73.9322

Sampling start
Sampling a batch with 20 graphs on local rank 0. Saving 20 visualization and 5 full chains.
Batch sampled. Visualizing chains starts!
1/5 chains saved on local rank 0.Saving /extra/rislek/ConStruct-Thesis/ConStruct/chains/epoch2/batch20_GR0/molecule_20_0.gif to wandb
2/5 chains saved on local rank 0.Saving /extra/rislek/ConStruct-Thesis/ConStruct/chains/epoch2/batch20_GR0/molecule_21_0.gif to wandb
3/5 chains saved on local rank 0.Saving /extra/rislek/ConStruct-Thesis/ConStruct/chains/epoch2/batch20_GR0/molecule_22_0.gif to wandb
4/5 chains saved on local rank 0.Saving /extra/rislek/ConStruct-Thesis/ConStruct/chains/epoch2/batch20_GR0/molecule_23_0.gif to wandb
5/5 chains saved on local rank 0.Saving /extra/rislek/ConStruct-Thesis/ConStruct/chains/epoch2/batch20_GR0/molecule_24_0.gif to wandb
Visualizing 20 graphs out of 20
Saving /extra/rislek/ConStruct-Thesis/ConStruct/graphs/qm9_debug_planar/epoch2_b20/graph_0.png to wandb
Saving /extra/rislek/ConStruct-Thesis/ConStruct/graphs/qm9_debug_planar/epoch2_b20/graph_1.png to wandb
Saving /extra/rislek/ConStruct-Thesis/ConStruct/graphs/qm9_debug_planar/epoch2_b20/graph_2.png to wandb
Done.
Sampling a batch with 30 graphs on local rank 0. Saving 0 visualization and 0 full chains.
Done.
Sampled 2 batches on local rank 0. Sampling took 49.15 seconds

Computing sampling metrics on 0...
Error messages: AtomValence 5, Kekulize 0, other 0,  -- No error 45
Some generated smiles: CC([NH-])C1OCC2[N-]C21 COCC[NH+]1CC1OC C#CC1C2(N)CC13OC23 CC1=CCC2C(O)=C2N1 Cc1nc2c(o1)=CC=2N CC1(C)CCC(O)OC1 C[NH+]1CC23CC1CC2C3 C#CC1OC2CC2C1O error CC1N=CC2OC=C1O2

================================================================================
🎯 COMPREHENSIVE CONSTRAINT ANALYSIS (NO ENFORCED CONSTRAINT)
================================================================================
📊 MOLECULAR QUALITY METRICS (ALL Molecules)
+---------------------------+------------+
| Metric                    | Value      |
+===========================+============+
| Total Molecules Generated | 50         |
+---------------------------+------------+
| Valid Molecules (RDKit)   | 45 (90.0%) |
+---------------------------+------------+
| Invalid Molecules         | 5 (10.0%)  |
+---------------------------+------------+
| Disconnected Molecules    | 0.0%       |
+---------------------------+------------+
| Unique Molecules          | 45         |
+---------------------------+------------+
| Uniqueness Rate           | 100.0%     |
+---------------------------+------------+
| Novel Molecules           | 45         |
+---------------------------+------------+
| Novelty Rate              | 100.0%     |
+---------------------------+------------+
| Average Molecular Weight  | 124.8      |
+---------------------------+------------+
| Average Number of Atoms   | 8.9        |
+---------------------------+------------+
| Average Number of Bonds   | 9.7        |
+---------------------------+------------+
| Average Ring Count        | 1.9        |
+---------------------------+------------+

🎯 MOLECULAR QUALITY METRICS (Valid Molecules Only)
+--------------------------+---------+
| Metric                   | Value   |
+==========================+=========+
| Valid Molecules Count    | 45      |
+--------------------------+---------+
| Validity Rate            | 90.0%   |
+--------------------------+---------+
| Disconnected Molecules   | 0.0%    |
+--------------------------+---------+
| Unique Molecules         | 45      |
+--------------------------+---------+
| Uniqueness Rate          | 100.0%  |
+--------------------------+---------+
| Novel Molecules          | 45      |
+--------------------------+---------+
| Novelty Rate             | 100.0%  |
+--------------------------+---------+
| FCD Score                | 7.068   |
+--------------------------+---------+
| Average Molecular Weight | 124.8   |
+--------------------------+---------+
| Average Number of Atoms  | 8.9     |
+--------------------------+---------+
| Average Number of Bonds  | 9.7     |
+--------------------------+---------+
| Average Ring Count       | 1.9     |
+--------------------------+---------+
| Average Ring Length      | 4.3     |
+--------------------------+---------+
| Average Valency          | 3.5     |
+--------------------------+---------+

⏱️ TIMING METRICS
+------------------------+---------------+
| Metric                 | Value         |
+========================+===============+
| Total Sampling Time    | 49.09 seconds |
+------------------------+---------------+
| Average Time per Batch | 24.55 seconds |
+------------------------+---------------+
| Number of Batches      | 2             |
+------------------------+---------------+

🏗️ STRUCTURAL CONSTRAINT SATISFACTION (ALL Molecules - ConStruct Philosophy)
+---------------------+--------------------+-------------------+-----------------------+---------------------+
| Constraint Type     | Constraint Value   | Total Molecules   | Satisfied Molecules   | Satisfaction Rate   |
+=====================+====================+===================+=======================+=====================+
| ring_count_at_most  | ≤0                 | 50                | 2                     | 4.0%                |
+---------------------+--------------------+-------------------+-----------------------+---------------------+
| ring_count_at_most  | ≤1                 | 50                | 21                    | 42.0%               |
+---------------------+--------------------+-------------------+-----------------------+---------------------+
| ring_count_at_most  | ≤2                 | 50                | 33                    | 66.0%               |
+---------------------+--------------------+-------------------+-----------------------+---------------------+
| ring_count_at_most  | ≤3                 | 50                | 38                    | 76.0%               |
+---------------------+--------------------+-------------------+-----------------------+---------------------+
| ring_count_at_most  | ≤4                 | 50                | 44                    | 88.0%               |
+---------------------+--------------------+-------------------+-----------------------+---------------------+
| ring_count_at_most  | ≤5                 | 50                | 45                    | 90.0%               |
+---------------------+--------------------+-------------------+-----------------------+---------------------+
| ring_length_at_most | ≤3                 | 50                | 10                    | 20.0%               |
+---------------------+--------------------+-------------------+-----------------------+---------------------+
| ring_length_at_most | ≤4                 | 50                | 21                    | 42.0%               |
+---------------------+--------------------+-------------------+-----------------------+---------------------+
| ring_length_at_most | ≤5                 | 50                | 35                    | 70.0%               |
+---------------------+--------------------+-------------------+-----------------------+---------------------+
| ring_length_at_most | ≤6                 | 50                | 43                    | 86.0%               |
+---------------------+--------------------+-------------------+-----------------------+---------------------+
| ring_length_at_most | ≤7                 | 50                | 44                    | 88.0%               |
+---------------------+--------------------+-------------------+-----------------------+---------------------+
| ring_length_at_most | ≤8                 | 50                | 45                    | 90.0%               |
+---------------------+--------------------+-------------------+-----------------------+---------------------+
| planar              | Planar             | 45                | 45                    | 100.0%              |
+---------------------+--------------------+-------------------+-----------------------+---------------------+

🧪 CHEMICAL CONSTRAINT SATISFACTION (Valid Molecules Only)
+---------------------+--------------------+-------------------+-----------------------+---------------------+
| Constraint Type     | Constraint Value   | Total Molecules   | Satisfied Molecules   | Satisfaction Rate   |
+=====================+====================+===================+=======================+=====================+
| ring_count_at_most  | ≤0                 | 45                | 2                     | 4.4%                |
+---------------------+--------------------+-------------------+-----------------------+---------------------+
| ring_count_at_most  | ≤1                 | 45                | 21                    | 46.7%               |
+---------------------+--------------------+-------------------+-----------------------+---------------------+
| ring_count_at_most  | ≤2                 | 45                | 33                    | 73.3%               |
+---------------------+--------------------+-------------------+-----------------------+---------------------+
| ring_count_at_most  | ≤3                 | 45                | 38                    | 84.4%               |
+---------------------+--------------------+-------------------+-----------------------+---------------------+
| ring_count_at_most  | ≤4                 | 45                | 44                    | 97.8%               |
+---------------------+--------------------+-------------------+-----------------------+---------------------+
| ring_count_at_most  | ≤5                 | 45                | 45                    | 100.0%              |
+---------------------+--------------------+-------------------+-----------------------+---------------------+
| ring_length_at_most | ≤3                 | 45                | 10                    | 22.2%               |
+---------------------+--------------------+-------------------+-----------------------+---------------------+
| ring_length_at_most | ≤4                 | 45                | 21                    | 46.7%               |
+---------------------+--------------------+-------------------+-----------------------+---------------------+
| ring_length_at_most | ≤5                 | 45                | 35                    | 77.8%               |
+---------------------+--------------------+-------------------+-----------------------+---------------------+
| ring_length_at_most | ≤6                 | 45                | 43                    | 95.6%               |
+---------------------+--------------------+-------------------+-----------------------+---------------------+
| ring_length_at_most | ≤7                 | 45                | 44                    | 97.8%               |
+---------------------+--------------------+-------------------+-----------------------+---------------------+
| ring_length_at_most | ≤8                 | 45                | 45                    | 100.0%              |
+---------------------+--------------------+-------------------+-----------------------+---------------------+
| planar              | Planar             | 45                | 45                    | 100.0%              |
+---------------------+--------------------+-------------------+-----------------------+---------------------+

🔍 GAP ANALYSIS (Structural vs Chemical Satisfaction)
+------------------------+--------------------+--------------------+--------+
| Constraint             | Structural (ALL)   | Chemical (Valid)   | Gap    |
+========================+====================+====================+========+
| ring_count_at_most ≤0  | 4.0%               | 4.4%               | -0.4%  |
+------------------------+--------------------+--------------------+--------+
| ring_count_at_most ≤1  | 42.0%              | 46.7%              | -4.7%  |
+------------------------+--------------------+--------------------+--------+
| ring_count_at_most ≤2  | 66.0%              | 73.3%              | -7.3%  |
+------------------------+--------------------+--------------------+--------+
| ring_count_at_most ≤3  | 76.0%              | 84.4%              | -8.4%  |
+------------------------+--------------------+--------------------+--------+
| ring_count_at_most ≤4  | 88.0%              | 97.8%              | -9.8%  |
+------------------------+--------------------+--------------------+--------+
| ring_count_at_most ≤5  | 90.0%              | 100.0%             | -10.0% |
+------------------------+--------------------+--------------------+--------+
| ring_length_at_most ≤3 | 20.0%              | 22.2%              | -2.2%  |
+------------------------+--------------------+--------------------+--------+
| ring_length_at_most ≤4 | 42.0%              | 46.7%              | -4.7%  |
+------------------------+--------------------+--------------------+--------+
| ring_length_at_most ≤5 | 70.0%              | 77.8%              | -7.8%  |
+------------------------+--------------------+--------------------+--------+
| ring_length_at_most ≤6 | 86.0%              | 95.6%              | -9.6%  |
+------------------------+--------------------+--------------------+--------+
| ring_length_at_most ≤7 | 88.0%              | 97.8%              | -9.8%  |
+------------------------+--------------------+--------------------+--------+
| ring_length_at_most ≤8 | 90.0%              | 100.0%             | -10.0% |
+------------------------+--------------------+--------------------+--------+
| planar Planar          | 100.0%             | 100.0%             | 0.0%   |
+------------------------+--------------------+--------------------+--------+
================================================================================
[rank: 0] Received SIGTERM: 15
Bypassing SIGTERM: 15
FCD score: 7.068353279085574
Chemical validation metrics: {'val_sampling/post_gen/structurally_valid': 0.9, 'val_sampling/post_gen/chemically_valid': 0.68, 'val_sampling/post_gen/rdkit_valid': 0.9, 'val_sampling/post_gen/valency_violations': 0.22, 'val_sampling/post_gen/connectivity_issues': 0.0}
Molecular metrics computed.
📊 Sampling metrics: 90.0% valid, 100.0% unique, 100.0% novel, FCD: 7.068, Disconnected: 0.0%
Val epoch 2 ends
Train epoch 2 ends
Epoch 2 finished: X: 0.48 -- charges: 0.08 -- E: 0.38 -- y: -1.00 -- 231.3s 
Epoch 2: {'CarbonCE': 0.369, 'NitroCE': 0.22, 'OxyCE': 0.266, 'FluorCE': 0.01} -- {'NoBondCE': 0.328, 'SingleCE': 0.308, 'DoubleCE': 0.06, 'TripleCE': 0.022, 'AromaticCE': 0.0}
Starting epoch 3
Train epoch 3 ends
Epoch 3 finished: X: 0.48 -- charges: 0.08 -- E: 0.38 -- y: -1.00 -- 145.6s 
Epoch 3: {'CarbonCE': 0.366, 'NitroCE': 0.218, 'OxyCE': 0.264, 'FluorCE': 0.01} -- {'NoBondCE': 0.327, 'SingleCE': 0.306, 'DoubleCE': 0.06, 'TripleCE': 0.022, 'AromaticCE': 0.0}
Starting epoch 4
Train epoch 4 ends
Epoch 4 finished: X: 0.47 -- charges: 0.08 -- E: 0.38 -- y: -1.00 -- 145.3s 
Epoch 4: {'CarbonCE': 0.366, 'NitroCE': 0.218, 'OxyCE': 0.264, 'FluorCE': 0.01} -- {'NoBondCE': 0.326, 'SingleCE': 0.305, 'DoubleCE': 0.06, 'TripleCE': 0.021, 'AromaticCE': 0.0}
Starting epoch 5
Epoch 5: val/epoch_NLL: 74.29 -- val/X_kl: 3.17 -- val/E_kl: 69.98 -- val/charges_kl: 0.58 
Val loss: 74.2910 	 Best val loss:  73.9322

Sampling start
Sampling a batch with 20 graphs on local rank 0. Saving 20 visualization and 5 full chains.
Batch sampled. Visualizing chains starts!
1/5 chains saved on local rank 0.Saving /extra/rislek/ConStruct-Thesis/ConStruct/chains/epoch5/batch20_GR0/molecule_20_0.gif to wandb
2/5 chains saved on local rank 0.Saving /extra/rislek/ConStruct-Thesis/ConStruct/chains/epoch5/batch20_GR0/molecule_21_0.gif to wandb
3/5 chains saved on local rank 0.Saving /extra/rislek/ConStruct-Thesis/ConStruct/chains/epoch5/batch20_GR0/molecule_22_0.gif to wandb
4/5 chains saved on local rank 0.Saving /extra/rislek/ConStruct-Thesis/ConStruct/chains/epoch5/batch20_GR0/molecule_23_0.gif to wandb
5/5 chains saved on local rank 0.Saving /extra/rislek/ConStruct-Thesis/ConStruct/chains/epoch5/batch20_GR0/molecule_24_0.gif to wandb
Visualizing 20 graphs out of 20
Saving /extra/rislek/ConStruct-Thesis/ConStruct/graphs/qm9_debug_planar/epoch5_b20/graph_0.png to wandb
Saving /extra/rislek/ConStruct-Thesis/ConStruct/graphs/qm9_debug_planar/epoch5_b20/graph_1.png to wandb
Saving /extra/rislek/ConStruct-Thesis/ConStruct/graphs/qm9_debug_planar/epoch5_b20/graph_2.png to wandb
Done.
Sampling a batch with 30 graphs on local rank 0. Saving 0 visualization and 0 full chains.
Done.
Sampled 2 batches on local rank 0. Sampling took 32.82 seconds

Computing sampling metrics on 0...
Error messages: AtomValence 1, Kekulize 0, other 0,  -- No error 49
Some generated smiles: C1OC2CC2CC2CC12 C1=C2CC3CC2C(O1)O3 CC1C=CC(=O)COC1 NC1=CC(=O)CCO1 C[NH2+]C1(C)C#CCOC1 C1CC2OCC3(CC23)O1 N#CC=CN CC1C(C)C1C(=O)CO CC1=NC2=NC1C2CO CCOc1ncoc1O

================================================================================
🎯 COMPREHENSIVE CONSTRAINT ANALYSIS (NO ENFORCED CONSTRAINT)
================================================================================
📊 MOLECULAR QUALITY METRICS (ALL Molecules)
+---------------------------+------------+
| Metric                    | Value      |
+===========================+============+
| Total Molecules Generated | 50         |
+---------------------------+------------+
| Valid Molecules (RDKit)   | 49 (98.0%) |
+---------------------------+------------+
| Invalid Molecules         | 1 (2.0%)   |
+---------------------------+------------+
| Disconnected Molecules    | 0.0%       |
+---------------------------+------------+
| Unique Molecules          | 49         |
+---------------------------+------------+
| Uniqueness Rate           | 100.0%     |
+---------------------------+------------+
| Novel Molecules           | 49         |
+---------------------------+------------+
| Novelty Rate              | 100.0%     |
+---------------------------+------------+
| Average Molecular Weight  | 122.0      |
+---------------------------+------------+
| Average Number of Atoms   | 8.8        |
+---------------------------+------------+
| Average Number of Bonds   | 9.7        |
+---------------------------+------------+
| Average Ring Count        | 2.0        |
+---------------------------+------------+

🎯 MOLECULAR QUALITY METRICS (Valid Molecules Only)
+--------------------------+---------+
| Metric                   | Value   |
+==========================+=========+
| Valid Molecules Count    | 49      |
+--------------------------+---------+
| Validity Rate            | 98.0%   |
+--------------------------+---------+
| Disconnected Molecules   | 0.0%    |
+--------------------------+---------+
| Unique Molecules         | 49      |
+--------------------------+---------+
| Uniqueness Rate          | 100.0%  |
+--------------------------+---------+
| Novel Molecules          | 49      |
+--------------------------+---------+
| Novelty Rate             | 100.0%  |
+--------------------------+---------+
| FCD Score                | 6.001   |
+--------------------------+---------+
| Average Molecular Weight | 122.0   |
+--------------------------+---------+
| Average Number of Atoms  | 8.8     |
+--------------------------+---------+
| Average Number of Bonds  | 9.7     |
+--------------------------+---------+
| Average Ring Count       | 2.0     |
+--------------------------+---------+
| Average Ring Length      | 4.1     |
+--------------------------+---------+
| Average Valency          | 3.6     |
+--------------------------+---------+

⏱️ TIMING METRICS
+------------------------+---------------+
| Metric                 | Value         |
+========================+===============+
| Total Sampling Time    | 81.90 seconds |
+------------------------+---------------+
| Average Time per Batch | 20.48 seconds |
+------------------------+---------------+
| Number of Batches      | 4             |
+------------------------+---------------+

🏗️ STRUCTURAL CONSTRAINT SATISFACTION (ALL Molecules - ConStruct Philosophy)
+---------------------+--------------------+-------------------+-----------------------+---------------------+
| Constraint Type     | Constraint Value   | Total Molecules   | Satisfied Molecules   | Satisfaction Rate   |
+=====================+====================+===================+=======================+=====================+
| ring_count_at_most  | ≤0                 | 50                | 6                     | 12.0%               |
+---------------------+--------------------+-------------------+-----------------------+---------------------+
| ring_count_at_most  | ≤1                 | 50                | 19                    | 38.0%               |
+---------------------+--------------------+-------------------+-----------------------+---------------------+
| ring_count_at_most  | ≤2                 | 50                | 32                    | 64.0%               |
+---------------------+--------------------+-------------------+-----------------------+---------------------+
| ring_count_at_most  | ≤3                 | 50                | 42                    | 84.0%               |
+---------------------+--------------------+-------------------+-----------------------+---------------------+
| ring_count_at_most  | ≤4                 | 50                | 48                    | 96.0%               |
+---------------------+--------------------+-------------------+-----------------------+---------------------+
| ring_count_at_most  | ≤5                 | 50                | 48                    | 96.0%               |
+---------------------+--------------------+-------------------+-----------------------+---------------------+
| ring_length_at_most | ≤3                 | 50                | 14                    | 28.0%               |
+---------------------+--------------------+-------------------+-----------------------+---------------------+
| ring_length_at_most | ≤4                 | 50                | 26                    | 52.0%               |
+---------------------+--------------------+-------------------+-----------------------+---------------------+
| ring_length_at_most | ≤5                 | 50                | 43                    | 86.0%               |
+---------------------+--------------------+-------------------+-----------------------+---------------------+
| ring_length_at_most | ≤6                 | 50                | 47                    | 94.0%               |
+---------------------+--------------------+-------------------+-----------------------+---------------------+
| ring_length_at_most | ≤7                 | 50                | 49                    | 98.0%               |
+---------------------+--------------------+-------------------+-----------------------+---------------------+
| ring_length_at_most | ≤8                 | 50                | 49                    | 98.0%               |
+---------------------+--------------------+-------------------+-----------------------+---------------------+
| planar              | Planar             | 49                | 49                    | 100.0%              |
+---------------------+--------------------+-------------------+-----------------------+---------------------+

🧪 CHEMICAL CONSTRAINT SATISFACTION (Valid Molecules Only)
+---------------------+--------------------+-------------------+-----------------------+---------------------+
| Constraint Type     | Constraint Value   | Total Molecules   | Satisfied Molecules   | Satisfaction Rate   |
+=====================+====================+===================+=======================+=====================+
| ring_count_at_most  | ≤0                 | 49                | 6                     | 12.2%               |
+---------------------+--------------------+-------------------+-----------------------+---------------------+
| ring_count_at_most  | ≤1                 | 49                | 19                    | 38.8%               |
+---------------------+--------------------+-------------------+-----------------------+---------------------+
| ring_count_at_most  | ≤2                 | 49                | 32                    | 65.3%               |
+---------------------+--------------------+-------------------+-----------------------+---------------------+
| ring_count_at_most  | ≤3                 | 49                | 42                    | 85.7%               |
+---------------------+--------------------+-------------------+-----------------------+---------------------+
| ring_count_at_most  | ≤4                 | 49                | 48                    | 98.0%               |
+---------------------+--------------------+-------------------+-----------------------+---------------------+
| ring_count_at_most  | ≤5                 | 49                | 48                    | 98.0%               |
+---------------------+--------------------+-------------------+-----------------------+---------------------+
| ring_length_at_most | ≤3                 | 49                | 14                    | 28.6%               |
+---------------------+--------------------+-------------------+-----------------------+---------------------+
| ring_length_at_most | ≤4                 | 49                | 26                    | 53.1%               |
+---------------------+--------------------+-------------------+-----------------------+---------------------+
| ring_length_at_most | ≤5                 | 49                | 43                    | 87.8%               |
+---------------------+--------------------+-------------------+-----------------------+---------------------+
| ring_length_at_most | ≤6                 | 49                | 47                    | 95.9%               |
+---------------------+--------------------+-------------------+-----------------------+---------------------+
| ring_length_at_most | ≤7                 | 49                | 49                    | 100.0%              |
+---------------------+--------------------+-------------------+-----------------------+---------------------+
| ring_length_at_most | ≤8                 | 49                | 49                    | 100.0%              |
+---------------------+--------------------+-------------------+-----------------------+---------------------+
| planar              | Planar             | 49                | 49                    | 100.0%              |
+---------------------+--------------------+-------------------+-----------------------+---------------------+

🔍 GAP ANALYSIS (Structural vs Chemical Satisfaction)
+------------------------+--------------------+--------------------+-------+
| Constraint             | Structural (ALL)   | Chemical (Valid)   | Gap   |
+========================+====================+====================+=======+
| ring_count_at_most ≤0  | 12.0%              | 12.2%              | -0.2% |
+------------------------+--------------------+--------------------+-------+
| ring_count_at_most ≤1  | 38.0%              | 38.8%              | -0.8% |
+------------------------+--------------------+--------------------+-------+
| ring_count_at_most ≤2  | 64.0%              | 65.3%              | -1.3% |
+------------------------+--------------------+--------------------+-------+
| ring_count_at_most ≤3  | 84.0%              | 85.7%              | -1.7% |
+------------------------+--------------------+--------------------+-------+
| ring_count_at_most ≤4  | 96.0%              | 98.0%              | -2.0% |
+------------------------+--------------------+--------------------+-------+
| ring_count_at_most ≤5  | 96.0%              | 98.0%              | -2.0% |
+------------------------+--------------------+--------------------+-------+
| ring_length_at_most ≤3 | 28.0%              | 28.6%              | -0.6% |
+------------------------+--------------------+--------------------+-------+
| ring_length_at_most ≤4 | 52.0%              | 53.1%              | -1.1% |
+------------------------+--------------------+--------------------+-------+
| ring_length_at_most ≤5 | 86.0%              | 87.8%              | -1.8% |
+------------------------+--------------------+--------------------+-------+
| ring_length_at_most ≤6 | 94.0%              | 95.9%              | -1.9% |
+------------------------+--------------------+--------------------+-------+
| ring_length_at_most ≤7 | 98.0%              | 100.0%             | -2.0% |
+------------------------+--------------------+--------------------+-------+
| ring_length_at_most ≤8 | 98.0%              | 100.0%             | -2.0% |
+------------------------+--------------------+--------------------+-------+
| planar Planar          | 100.0%             | 100.0%             | 0.0%  |
+------------------------+--------------------+--------------------+-------+
================================================================================
[rank: 0] Received SIGTERM: 15
Bypassing SIGTERM: 15
[rank: 0] Received SIGTERM: 15
Bypassing SIGTERM: 15
[rank: 0] Received SIGTERM: 15
Bypassing SIGTERM: 15
[rank: 0] Received SIGTERM: 15
Bypassing SIGTERM: 15
slurmstepd-debug02: error: *** JOB 974751 ON debug02 CANCELLED AT 2025-08-02T06:16:09 DUE TO TIME LIMIT ***
[rank: 0] Received SIGTERM: 15
[rank: 0] Received SIGTERM: 15
[rank: 0] Received SIGTERM: 15
[rank: 0] Received SIGTERM: 15
[rank: 0] Received SIGTERM: 15
Bypassing SIGTERM: 15
Bypassing SIGTERM: 15
Bypassing SIGTERM: 15
Bypassing SIGTERM: 15
Bypassing SIGTERM: 15
