torch version: 2.0.1+cu118
CUDA available: True
CUDA device: NVIDIA RTX 2000 Ada Generation
=== Running Experiment: ring_length_at_most_4_debug ===
Config: debug/edge_deletion/ring_length_at_most/qm9_debug_ring_length_at_most_4
Job ID: 975309
Node: debug01
Time: Thu 07 Aug 2025 08:11:02 PM UTC
<frozen importlib._bootstrap>:228: RuntimeWarning: to-Python converter for std::pair<double, double> already registered; second conversion method ignored.
[rank: 0] Global seed set to 0
Loading reference metrics.
Edge-deletion transition model (for 'at most' constraints)
GPU available: True (cuda), used: True
TPU available: False, using: 0 TPU cores
IPU available: False, using: 0 IPUs
HPU available: False, using: 0 HPUs
[rank: 0] Global seed set to 0
Initializing distributed: GLOBAL_RANK: 0, MEMBER: 1/1
[2025-08-07 20:11:32,880][torch.distributed.distributed_c10d][INFO] - Added key: store_based_barrier_key:1 to store for rank: 0
[2025-08-07 20:11:32,880][torch.distributed.distributed_c10d][INFO] - Rank 0: Completed store-based barrier for key:store_based_barrier_key:1 with 1 nodes.
----------------------------------------------------------------------------------------------------
distributed_backend=nccl
All distributed processes registered. Starting with 1 processes
----------------------------------------------------------------------------------------------------

You are using a CUDA device ('NVIDIA RTX 2000 Ada Generation') that has Tensor Cores. To properly utilize them, you should set `torch.set_float32_matmul_precision('medium' | 'high')` which will trade-off precision for performance. For more details, read https://pytorch.org/docs/stable/generated/torch.set_float32_matmul_precision.html#torch.set_float32_matmul_precision
/home/rislek/.conda/envs/construct-env/lib/python3.9/site-packages/pytorch_lightning/callbacks/model_checkpoint.py:615: UserWarning: Checkpoint directory checkpoints/qm9_debug_ring_length_at_most_4 exists and is not empty.
  rank_zero_warn(f"Checkpoint directory {dirpath} exists and is not empty.")
LOCAL_RANK: 0 - CUDA_VISIBLE_DEVICES: [0]

  | Name                  | Type                  | Params
----------------------------------------------------------------
0 | train_loss            | TrainLoss             | 0     
1 | train_metrics         | TrainMolecularMetrics | 0     
2 | val_metrics           | MetricCollection      | 0     
3 | val_nll               | NLL                   | 0     
4 | val_sampling_metrics  | SamplingMetrics       | 0     
5 | test_metrics          | MetricCollection      | 0     
6 | test_nll              | NLL                   | 0     
7 | test_sampling_metrics | SamplingMetrics       | 0     
8 | model                 | GraphTransformer      | 1.9 M 
----------------------------------------------------------------
1.9 M     Trainable params
0         Non-trainable params
1.9 M     Total params
7.446     Total estimated model params size (MB)
SLURM auto-requeueing enabled. Setting signal handlers.
Epoch 0: val/epoch_NLL: 127.32 -- val/X_kl: 7.40 -- val/E_kl: 108.43 -- val/charges_kl: 5.01 
Val loss: 127.3223 	 Best val loss:  127.3223

Val epoch 0 ends
Starting epoch 0
[2025-08-07 20:11:34,893][torch.nn.parallel.distributed][INFO] - Reducer buckets have been rebuilt in this iteration.
Train epoch 0 ends
Epoch 0 finished: X: 0.52 -- charges: 0.09 -- E: 0.41 -- y: -1.00 -- 150.4s 
Epoch 0: {'CarbonCE': 0.398, 'NitroCE': 0.237, 'OxyCE': 0.287, 'FluorCE': 0.015} -- {'NoBondCE': 0.343, 'SingleCE': 0.321, 'DoubleCE': 0.068, 'TripleCE': 0.027, 'AromaticCE': 0.005}
Starting epoch 1
Train epoch 1 ends
Epoch 1 finished: X: 0.48 -- charges: 0.09 -- E: 0.39 -- y: -1.00 -- 143.1s 
Epoch 1: {'CarbonCE': 0.373, 'NitroCE': 0.223, 'OxyCE': 0.268, 'FluorCE': 0.01} -- {'NoBondCE': 0.33, 'SingleCE': 0.309, 'DoubleCE': 0.062, 'TripleCE': 0.022, 'AromaticCE': 0.0}
Starting epoch 2
Epoch 2: val/epoch_NLL: 73.93 -- val/X_kl: 3.24 -- val/E_kl: 69.50 -- val/charges_kl: 0.65 
Val loss: 73.9322 	 Best val loss:  73.9322

Sampling start
Sampling a batch with 20 graphs on local rank 0. Saving 20 visualization and 5 full chains.
[2025-08-07 20:19:10,631][ConStruct.projector.projector_utils][INFO] - ⏱️ RingLengthAtMostProjector: projection_time=0.0008s, mode=INCREMENTAL
[2025-08-07 20:19:12,511][ConStruct.projector.projector_utils][INFO] - ⏱️ RingLengthAtMostProjector: projection_time=0.0008s, mode=INCREMENTAL
[2025-08-07 20:19:14,393][ConStruct.projector.projector_utils][INFO] - ⏱️ RingLengthAtMostProjector: projection_time=0.0018s, mode=INCREMENTAL
Batch sampled. Visualizing chains starts!
1/5 chains saved on local rank 0.Saving /extra/rislek/ConStruct-Thesis/ConStruct/chains/epoch2/batch20_GR0/molecule_20_0.gif to wandb
2/5 chains saved on local rank 0.Saving /extra/rislek/ConStruct-Thesis/ConStruct/chains/epoch2/batch20_GR0/molecule_21_0.gif to wandb
3/5 chains saved on local rank 0.Saving /extra/rislek/ConStruct-Thesis/ConStruct/chains/epoch2/batch20_GR0/molecule_22_0.gif to wandb
4/5 chains saved on local rank 0.Saving /extra/rislek/ConStruct-Thesis/ConStruct/chains/epoch2/batch20_GR0/molecule_23_0.gif to wandb
5/5 chains saved on local rank 0.Saving /extra/rislek/ConStruct-Thesis/ConStruct/chains/epoch2/batch20_GR0/molecule_24_0.gif to wandb
Visualizing 20 graphs out of 20
Saving /extra/rislek/ConStruct-Thesis/ConStruct/graphs/qm9_debug_ring_length_at_most_4/epoch2_b20/graph_0.png to wandb
Saving /extra/rislek/ConStruct-Thesis/ConStruct/graphs/qm9_debug_ring_length_at_most_4/epoch2_b20/graph_1.png to wandb
Saving /extra/rislek/ConStruct-Thesis/ConStruct/graphs/qm9_debug_ring_length_at_most_4/epoch2_b20/graph_2.png to wandb
Done.
Sampling a batch with 30 graphs on local rank 0. Saving 0 visualization and 0 full chains.
[2025-08-07 20:19:36,637][ConStruct.projector.projector_utils][INFO] - ⏱️ RingLengthAtMostProjector: projection_time=0.0014s, mode=INCREMENTAL
[2025-08-07 20:19:38,581][ConStruct.projector.projector_utils][INFO] - ⏱️ RingLengthAtMostProjector: projection_time=0.0013s, mode=INCREMENTAL
[2025-08-07 20:19:40,528][ConStruct.projector.projector_utils][INFO] - ⏱️ RingLengthAtMostProjector: projection_time=0.0017s, mode=INCREMENTAL
Done.
Sampled 2 batches on local rank 0. Sampling took 31.78 seconds

Computing sampling metrics on 0...
Error messages: AtomValence 5, Kekulize 0, other 0,  -- No error 45
Some generated smiles: [NH-]C1COC1C12CC1[N-]2 COCC[NH+]1CC1OC C#CC1C2(N)CC13OC23 CNC(C)=CCCCO CC(O)=NC1=C(N)C=C1 CC(O)OCC(C)(C)C C[NH+]1C2C3(C)CC2(C)C13 C#CC1OC2CC(O)C12 error CCOC(=CO)C(C)[NH-]

================================================================================
🎯 TABLE-BASED CONSTRAINT ANALYSIS
================================================================================
🎯 COMPREHENSIVE CONSTRAINT SATISFACTION ANALYSIS
================================================================================

+---------------------------+-------------------------+
| Metric                    | Value                   |
+===========================+=========================+
| Total Molecules Generated | 50                      |
+---------------------------+-------------------------+
| Valid Molecules (RDKit)   | 45 (90.0%)              |
+---------------------------+-------------------------+
| Invalid Molecules         | 5 (10.0%)               |
+---------------------------+-------------------------+
| Disconnected Molecules    | 0.0%                    |
+---------------------------+-------------------------+
| Constraint Type           | ring_length_at_most ≤ 4 |
+---------------------------+-------------------------+

🏗️ STRUCTURAL CONSTRAINT ENFORCEMENT (ALL Molecules - ConStruct Philosophy):
+--------------+-------------+--------+------------+
| Constraint   | Satisfied   | Rate   | Status     |
+==============+=============+========+============+
| ≤3           | 27/50       | 54.0%  |            |
+--------------+-------------+--------+------------+
| ≤4           | 45/50       | 90.0%  | ⭐ ENFORCED |
+--------------+-------------+--------+------------+
| ≤5           | 45/50       | 90.0%  |            |
+--------------+-------------+--------+------------+
| ≤6           | 45/50       | 90.0%  |            |
+--------------+-------------+--------+------------+
| ≤7           | 45/50       | 90.0%  |            |
+--------------+-------------+--------+------------+
| ≤8           | 45/50       | 90.0%  |            |
+--------------+-------------+--------+------------+

🧪 CHEMICAL CONSTRAINT ENFORCEMENT (Valid Molecules Only):
+--------------+-------------+--------+------------+
| Constraint   | Satisfied   | Rate   | Status     |
+==============+=============+========+============+
| ≤3           | 27/45       | 60.0%  |            |
+--------------+-------------+--------+------------+
| ≤4           | 45/45       | 100.0% | ⭐ ENFORCED |
+--------------+-------------+--------+------------+
| ≤5           | 45/45       | 100.0% |            |
+--------------+-------------+--------+------------+
| ≤6           | 45/45       | 100.0% |            |
+--------------+-------------+--------+------------+
| ≤7           | 45/45       | 100.0% |            |
+--------------+-------------+--------+------------+
| ≤8           | 45/45       | 100.0% |            |
+--------------+-------------+--------+------------+

📊 STRUCTURAL RING LENGTH DISTRIBUTION (ALL Molecules):
+---------------+---------+--------------+
| Ring Length   | Count   | Percentage   |
+===============+=========+==============+
| 0             | 15      | 30.0%        |
+---------------+---------+--------------+
| 3             | 12      | 24.0%        |
+---------------+---------+--------------+
| 4             | 18      | 36.0%        |
+---------------+---------+--------------+

📊 CHEMICAL RING LENGTH DISTRIBUTION (Valid Molecules Only):
+---------------+---------+--------------+
| Ring Length   | Count   | Percentage   |
+===============+=========+==============+
| 0             | 15      | 33.3%        |
+---------------+---------+--------------+
| 3             | 12      | 26.7%        |
+---------------+---------+--------------+
| 4             | 18      | 40.0%        |
+---------------+---------+--------------+

📊 MOLECULAR QUALITY METRICS (ALL Molecules):
+---------------------------+------------+
| Metric                    | Value      |
+===========================+============+
| Total Molecules Generated | 50         |
+---------------------------+------------+
| Valid Molecules (RDKit)   | 45 (90.0%) |
+---------------------------+------------+
| Invalid Molecules         | 5 (10.0%)  |
+---------------------------+------------+
| Disconnected Molecules    | 0.0%       |
+---------------------------+------------+
| Unique Molecules          | 45         |
+---------------------------+------------+
| Uniqueness Rate           | 100.0%     |
+---------------------------+------------+
| Novel Molecules           | 44         |
+---------------------------+------------+
| Novelty Rate              | 97.8%      |
+---------------------------+------------+
| Average Molecular Weight  | 126.2      |
+---------------------------+------------+
| Average Number of Atoms   | 8.9        |
+---------------------------+------------+
| Average Number of Bonds   | 9.0        |
+---------------------------+------------+
| Average Ring Count        | 1.2        |
+---------------------------+------------+

🎯 MOLECULAR QUALITY METRICS (Valid Molecules Only):
+--------------------------+---------+
| Metric                   | Value   |
+==========================+=========+
| Valid Molecules Count    | 45      |
+--------------------------+---------+
| Validity Rate            | 90.0%   |
+--------------------------+---------+
| Disconnected Molecules   | 0.0%    |
+--------------------------+---------+
| Unique Molecules         | 45      |
+--------------------------+---------+
| Uniqueness Rate          | 100.0%  |
+--------------------------+---------+
| Novel Molecules          | 44      |
+--------------------------+---------+
| Novelty Rate             | 97.8%   |
+--------------------------+---------+
| FCD Score                | 7.891   |
+--------------------------+---------+
| Average Molecular Weight | 126.2   |
+--------------------------+---------+
| Average Number of Atoms  | 8.9     |
+--------------------------+---------+
| Average Number of Bonds  | 9.0     |
+--------------------------+---------+
| Average Ring Count       | 1.2     |
+--------------------------+---------+
| Average Ring Length      | 3.6     |
+--------------------------+---------+
| Average Valency          | 3.5     |
+--------------------------+---------+

🧪 CHEMICAL VALIDATION METRICS (ALL Generated Molecules):
+---------------------+--------+----------------------------------------------------+
| Metric              | Rate   | Description                                        |
+=====================+========+====================================================+
| Structurally Valid  | 90.0%  | Basic graph structure (atoms > 0, bonds ≥ 0)       |
+---------------------+--------+----------------------------------------------------+
| Chemically Valid    | 62.0%  | Passes valency, connectivity, and atom type checks |
+---------------------+--------+----------------------------------------------------+
| RDKit Valid         | 90.0%  | Can be parsed by RDKit library                     |
+---------------------+--------+----------------------------------------------------+
| Valency Violations  | 28.0%  | Atoms with incorrect valence                       |
+---------------------+--------+----------------------------------------------------+
| Connectivity Issues | 0.0%   | Molecules with multiple disconnected components    |
+---------------------+--------+----------------------------------------------------+

🔍 GAP ANALYSIS (ConStruct Philosophy):
+-------------------------------+-----------------------------------------------------------------------+
| Metric                        | Value                                                                 |
+===============================+=======================================================================+
| Structural Satisfaction (ALL) | 90.0%                                                                 |
+-------------------------------+-----------------------------------------------------------------------+
| Chemical Satisfaction (Valid) | 100.0%                                                                |
+-------------------------------+-----------------------------------------------------------------------+
| Gap (Structural - Chemical)   | -10.0%                                                                |
+-------------------------------+-----------------------------------------------------------------------+
| Gap Explanation               | Shows difference between structural enforcement and chemical validity |
+-------------------------------+-----------------------------------------------------------------------+

⏱️ TIMING METRICS:
+------------------------+---------------+
| Metric                 | Value         |
+========================+===============+
| Total Sampling Time    | 31.78 seconds |
+------------------------+---------------+
| Average Time per Batch | 15.89 seconds |
+------------------------+---------------+
| Number of Batches      | 2             |
+------------------------+---------------+

================================================================================

================================================================================
Val epoch 2 ends
Train epoch 2 ends
Epoch 2 finished: X: 0.48 -- charges: 0.08 -- E: 0.38 -- y: -1.00 -- 195.1s 
Epoch 2: {'CarbonCE': 0.369, 'NitroCE': 0.22, 'OxyCE': 0.266, 'FluorCE': 0.01} -- {'NoBondCE': 0.328, 'SingleCE': 0.308, 'DoubleCE': 0.06, 'TripleCE': 0.022, 'AromaticCE': 0.0}
Starting epoch 3
Train epoch 3 ends
Epoch 3 finished: X: 0.48 -- charges: 0.08 -- E: 0.38 -- y: -1.00 -- 146.0s 
Epoch 3: {'CarbonCE': 0.366, 'NitroCE': 0.218, 'OxyCE': 0.264, 'FluorCE': 0.01} -- {'NoBondCE': 0.327, 'SingleCE': 0.306, 'DoubleCE': 0.06, 'TripleCE': 0.022, 'AromaticCE': 0.0}
Starting epoch 4
Train epoch 4 ends
Epoch 4 finished: X: 0.47 -- charges: 0.08 -- E: 0.38 -- y: -1.00 -- 145.3s 
Epoch 4: {'CarbonCE': 0.366, 'NitroCE': 0.218, 'OxyCE': 0.264, 'FluorCE': 0.01} -- {'NoBondCE': 0.326, 'SingleCE': 0.305, 'DoubleCE': 0.06, 'TripleCE': 0.021, 'AromaticCE': 0.0}
Starting epoch 5
Epoch 5: val/epoch_NLL: 74.29 -- val/X_kl: 3.17 -- val/E_kl: 69.98 -- val/charges_kl: 0.58 
Val loss: 74.2910 	 Best val loss:  73.9322

Sampling start
Sampling a batch with 20 graphs on local rank 0. Saving 20 visualization and 5 full chains.
[2025-08-07 20:27:17,696][ConStruct.projector.projector_utils][INFO] - ⏱️ RingLengthAtMostProjector: projection_time=0.0010s, mode=INCREMENTAL
[2025-08-07 20:27:19,579][ConStruct.projector.projector_utils][INFO] - ⏱️ RingLengthAtMostProjector: projection_time=0.0008s, mode=INCREMENTAL
[2025-08-07 20:27:21,463][ConStruct.projector.projector_utils][INFO] - ⏱️ RingLengthAtMostProjector: projection_time=0.0008s, mode=INCREMENTAL
Batch sampled. Visualizing chains starts!
1/5 chains saved on local rank 0.Saving /extra/rislek/ConStruct-Thesis/ConStruct/chains/epoch5/batch20_GR0/molecule_20_0.gif to wandb
2/5 chains saved on local rank 0.Saving /extra/rislek/ConStruct-Thesis/ConStruct/chains/epoch5/batch20_GR0/molecule_21_0.gif to wandb
3/5 chains saved on local rank 0.Saving /extra/rislek/ConStruct-Thesis/ConStruct/chains/epoch5/batch20_GR0/molecule_22_0.gif to wandb
4/5 chains saved on local rank 0.Saving /extra/rislek/ConStruct-Thesis/ConStruct/chains/epoch5/batch20_GR0/molecule_23_0.gif to wandb
5/5 chains saved on local rank 0.Saving /extra/rislek/ConStruct-Thesis/ConStruct/chains/epoch5/batch20_GR0/molecule_24_0.gif to wandb
Visualizing 20 graphs out of 20
Saving /extra/rislek/ConStruct-Thesis/ConStruct/graphs/qm9_debug_ring_length_at_most_4/epoch5_b20/graph_0.png to wandb
Saving /extra/rislek/ConStruct-Thesis/ConStruct/graphs/qm9_debug_ring_length_at_most_4/epoch5_b20/graph_1.png to wandb
Saving /extra/rislek/ConStruct-Thesis/ConStruct/graphs/qm9_debug_ring_length_at_most_4/epoch5_b20/graph_2.png to wandb
Done.
Sampling a batch with 30 graphs on local rank 0. Saving 0 visualization and 0 full chains.
[2025-08-07 20:27:42,952][ConStruct.projector.projector_utils][INFO] - ⏱️ RingLengthAtMostProjector: projection_time=0.0013s, mode=INCREMENTAL
[2025-08-07 20:27:44,899][ConStruct.projector.projector_utils][INFO] - ⏱️ RingLengthAtMostProjector: projection_time=0.0013s, mode=INCREMENTAL
[2025-08-07 20:27:46,844][ConStruct.projector.projector_utils][INFO] - ⏱️ RingLengthAtMostProjector: projection_time=0.0019s, mode=INCREMENTAL
Done.
Sampled 2 batches on local rank 0. Sampling took 31.04 seconds

Computing sampling metrics on 0...
Error messages: AtomValence 1, Kekulize 0, other 0,  -- No error 49
[rank: 0] Received SIGTERM: 15
[rank: 0] Received SIGTERM: 15
Bypassing SIGTERM: 15
Bypassing SIGTERM: 15
[rank: 0] Received SIGTERM: 15
Bypassing SIGTERM: 15
[rank: 0] Received SIGTERM: 15
Bypassing SIGTERM: 15
[rank: 0] Received SIGTERM: 15
Bypassing SIGTERM: 15
slurmstepd-debug01: error: *** JOB 975309 ON debug01 CANCELLED AT 2025-08-07T21:36:46 ***
[rank: 0] Received SIGTERM: 15
[rank: 0] Received SIGTERM: 15
[rank: 0] Received SIGTERM: 15
[rank: 0] Received SIGTERM: 15
Bypassing SIGTERM: 15
Bypassing SIGTERM: 15
Bypassing SIGTERM: 15
Bypassing SIGTERM: 15
[rank: 0] Received SIGTERM: 15
Bypassing SIGTERM: 15
[rank: 0] Received SIGTERM: 15
[rank: 0] Received SIGTERM: 15
Bypassing SIGTERM: 15
Bypassing SIGTERM: 15
