torch version: 2.0.1+cu118
CUDA available: True
CUDA device: NVIDIA RTX A5000
=== Running Experiment: ring_count_at_most_0_thesis ===
Config: thesis/edge_deletion/ring_count_at_most/qm9_thesis_ring_count_at_most_0
Job ID: 983162
Node: vgpu0-1
Time: Sat 09 Aug 2025 12:22:12 AM UTC
<frozen importlib._bootstrap>:228: RuntimeWarning: to-Python converter for std::pair<double, double> already registered; second conversion method ignored.
[rank: 0] Global seed set to 0
Loading reference metrics.
Edge-deletion transition model (for 'at most' constraints)
[INFO] Early stopping enabled: monitoring 'val/epoch_NLL' with patience 15
GPU available: True (cuda), used: True
TPU available: False, using: 0 TPU cores
IPU available: False, using: 0 IPUs
HPU available: False, using: 0 HPUs
[rank: 0] Global seed set to 0
Initializing distributed: GLOBAL_RANK: 0, MEMBER: 1/1
[2025-08-09 00:22:23,087][torch.distributed.distributed_c10d][INFO] - Added key: store_based_barrier_key:1 to store for rank: 0
[2025-08-09 00:22:23,088][torch.distributed.distributed_c10d][INFO] - Rank 0: Completed store-based barrier for key:store_based_barrier_key:1 with 1 nodes.
----------------------------------------------------------------------------------------------------
distributed_backend=nccl
All distributed processes registered. Starting with 1 processes
----------------------------------------------------------------------------------------------------

You are using a CUDA device ('NVIDIA RTX A5000') that has Tensor Cores. To properly utilize them, you should set `torch.set_float32_matmul_precision('medium' | 'high')` which will trade-off precision for performance. For more details, read https://pytorch.org/docs/stable/generated/torch.set_float32_matmul_precision.html#torch.set_float32_matmul_precision
/home/rislek/.conda/envs/construct-env/lib/python3.9/site-packages/pytorch_lightning/callbacks/model_checkpoint.py:615: UserWarning: Checkpoint directory checkpoints/qm9_thesis_ring_count_at_most_0 exists and is not empty.
  rank_zero_warn(f"Checkpoint directory {dirpath} exists and is not empty.")
LOCAL_RANK: 0 - CUDA_VISIBLE_DEVICES: [0]

  | Name                  | Type                  | Params
----------------------------------------------------------------
0 | train_loss            | TrainLoss             | 0     
1 | train_metrics         | TrainMolecularMetrics | 0     
2 | val_metrics           | MetricCollection      | 0     
3 | val_nll               | NLL                   | 0     
4 | val_sampling_metrics  | SamplingMetrics       | 0     
5 | test_metrics          | MetricCollection      | 0     
6 | test_nll              | NLL                   | 0     
7 | test_sampling_metrics | SamplingMetrics       | 0     
8 | model                 | GraphTransformer      | 3.5 M 
----------------------------------------------------------------
3.5 M     Trainable params
0         Non-trainable params
3.5 M     Total params
13.901    Total estimated model params size (MB)
wandb: Currently logged in as: islekrana (islekrana-universit-di-padova). Use `wandb login --relogin` to force relogin
wandb: wandb version 0.21.1 is available!  To upgrade, please run:
wandb:  $ pip install wandb --upgrade
wandb: Tracking run with wandb version 0.15.4
wandb: Run data is saved locally in /extra/rislek/ConStruct-Thesis/ConStruct/wandb/run-20250809_002225-di9oyasr
wandb: Run `wandb offline` to turn off syncing.
wandb: Syncing run qm9_thesis_ring_count_at_most_0
wandb: ⭐️ View project at https://wandb.ai/islekrana-universit-di-padova/ConStruct_qm9
wandb: 🚀 View run at https://wandb.ai/islekrana-universit-di-padova/ConStruct_qm9/runs/di9oyasr
SLURM auto-requeueing enabled. Setting signal handlers.
Epoch 0: val/epoch_NLL: 279.43 -- val/X_kl: 5.66 -- val/E_kl: 254.33 -- val/charges_kl: 14.77 
Val loss: 279.4257 	 Best val loss:  279.4257

Val epoch 0 ends
Starting epoch 0
[2025-08-09 00:22:34,190][torch.nn.parallel.distributed][INFO] - Reducer buckets have been rebuilt in this iteration.
Train epoch 0 ends
Epoch 0 finished: X: 0.53 -- charges: 0.10 -- E: 0.41 -- y: -1.00 -- 149.2s 
Epoch 0: {'CarbonCE': 0.405, 'NitroCE': 0.244, 'OxyCE': 0.293, 'FluorCE': 0.015} -- {'NoBondCE': 0.345, 'SingleCE': 0.322, 'DoubleCE': 0.068, 'TripleCE': 0.027, 'AromaticCE': 0.004}
Starting epoch 1
Train epoch 1 ends
Epoch 1 finished: X: 0.48 -- charges: 0.08 -- E: 0.39 -- y: -1.00 -- 132.5s 
Epoch 1: {'CarbonCE': 0.373, 'NitroCE': 0.223, 'OxyCE': 0.268, 'FluorCE': 0.01} -- {'NoBondCE': 0.33, 'SingleCE': 0.309, 'DoubleCE': 0.061, 'TripleCE': 0.022, 'AromaticCE': 0.0}
Starting epoch 2
Train epoch 2 ends
Epoch 2 finished: X: 0.48 -- charges: 0.08 -- E: 0.38 -- y: -1.00 -- 132.4s 
Epoch 2: {'CarbonCE': 0.368, 'NitroCE': 0.22, 'OxyCE': 0.265, 'FluorCE': 0.01} -- {'NoBondCE': 0.328, 'SingleCE': 0.307, 'DoubleCE': 0.06, 'TripleCE': 0.022, 'AromaticCE': 0.0}
Starting epoch 3
Train epoch 3 ends
Epoch 3 finished: X: 0.47 -- charges: 0.08 -- E: 0.38 -- y: -1.00 -- 132.2s 
Epoch 3: {'CarbonCE': 0.365, 'NitroCE': 0.217, 'OxyCE': 0.263, 'FluorCE': 0.01} -- {'NoBondCE': 0.325, 'SingleCE': 0.304, 'DoubleCE': 0.059, 'TripleCE': 0.021, 'AromaticCE': 0.0}
Starting epoch 4
Train epoch 4 ends
Epoch 4 finished: X: 0.47 -- charges: 0.08 -- E: 0.38 -- y: -1.00 -- 133.3s 
Epoch 4: {'CarbonCE': 0.365, 'NitroCE': 0.217, 'OxyCE': 0.263, 'FluorCE': 0.009} -- {'NoBondCE': 0.324, 'SingleCE': 0.303, 'DoubleCE': 0.059, 'TripleCE': 0.021, 'AromaticCE': 0.0}
Starting epoch 5
Train epoch 5 ends
Epoch 5 finished: X: 0.47 -- charges: 0.08 -- E: 0.38 -- y: -1.00 -- 133.6s 
Epoch 5: {'CarbonCE': 0.363, 'NitroCE': 0.216, 'OxyCE': 0.263, 'FluorCE': 0.009} -- {'NoBondCE': 0.324, 'SingleCE': 0.303, 'DoubleCE': 0.06, 'TripleCE': 0.021, 'AromaticCE': 0.0}
Starting epoch 6
Train epoch 6 ends
Epoch 6 finished: X: 0.47 -- charges: 0.08 -- E: 0.38 -- y: -1.00 -- 133.2s 
Epoch 6: {'CarbonCE': 0.363, 'NitroCE': 0.216, 'OxyCE': 0.262, 'FluorCE': 0.009} -- {'NoBondCE': 0.324, 'SingleCE': 0.303, 'DoubleCE': 0.06, 'TripleCE': 0.021, 'AromaticCE': 0.0}
Starting epoch 7
Train epoch 7 ends
Epoch 7 finished: X: 0.47 -- charges: 0.08 -- E: 0.38 -- y: -1.00 -- 133.3s 
Epoch 7: {'CarbonCE': 0.36, 'NitroCE': 0.215, 'OxyCE': 0.26, 'FluorCE': 0.009} -- {'NoBondCE': 0.323, 'SingleCE': 0.302, 'DoubleCE': 0.059, 'TripleCE': 0.021, 'AromaticCE': 0.0}
Starting epoch 8
Train epoch 8 ends
Epoch 8 finished: X: 0.47 -- charges: 0.08 -- E: 0.38 -- y: -1.00 -- 133.5s 
Epoch 8: {'CarbonCE': 0.361, 'NitroCE': 0.214, 'OxyCE': 0.261, 'FluorCE': 0.009} -- {'NoBondCE': 0.322, 'SingleCE': 0.301, 'DoubleCE': 0.059, 'TripleCE': 0.021, 'AromaticCE': 0.0}
Starting epoch 9
Train epoch 9 ends
Epoch 9 finished: X: 0.47 -- charges: 0.08 -- E: 0.38 -- y: -1.00 -- 133.8s 
Epoch 9: {'CarbonCE': 0.361, 'NitroCE': 0.215, 'OxyCE': 0.261, 'FluorCE': 0.009} -- {'NoBondCE': 0.322, 'SingleCE': 0.302, 'DoubleCE': 0.059, 'TripleCE': 0.021, 'AromaticCE': 0.0}
Starting epoch 10
Train epoch 10 ends
Epoch 10 finished: X: 0.47 -- charges: 0.08 -- E: 0.38 -- y: -1.00 -- 132.6s 
Epoch 10: {'CarbonCE': 0.362, 'NitroCE': 0.215, 'OxyCE': 0.261, 'FluorCE': 0.009} -- {'NoBondCE': 0.323, 'SingleCE': 0.303, 'DoubleCE': 0.059, 'TripleCE': 0.021, 'AromaticCE': 0.0}
Starting epoch 11
Train epoch 11 ends
Epoch 11 finished: X: 0.47 -- charges: 0.08 -- E: 0.38 -- y: -1.00 -- 133.1s 
Epoch 11: {'CarbonCE': 0.359, 'NitroCE': 0.214, 'OxyCE': 0.259, 'FluorCE': 0.009} -- {'NoBondCE': 0.321, 'SingleCE': 0.301, 'DoubleCE': 0.059, 'TripleCE': 0.021, 'AromaticCE': 0.0}
Starting epoch 12
Train epoch 12 ends
Epoch 12 finished: X: 0.47 -- charges: 0.08 -- E: 0.38 -- y: -1.00 -- 133.5s 
Epoch 12: {'CarbonCE': 0.359, 'NitroCE': 0.214, 'OxyCE': 0.259, 'FluorCE': 0.009} -- {'NoBondCE': 0.321, 'SingleCE': 0.301, 'DoubleCE': 0.059, 'TripleCE': 0.021, 'AromaticCE': 0.0}
Starting epoch 13
Train epoch 13 ends
Epoch 13 finished: X: 0.47 -- charges: 0.08 -- E: 0.38 -- y: -1.00 -- 132.9s 
Epoch 13: {'CarbonCE': 0.359, 'NitroCE': 0.214, 'OxyCE': 0.259, 'FluorCE': 0.009} -- {'NoBondCE': 0.321, 'SingleCE': 0.3, 'DoubleCE': 0.059, 'TripleCE': 0.021, 'AromaticCE': 0.0}
Starting epoch 14
Train epoch 14 ends
Epoch 14 finished: X: 0.47 -- charges: 0.08 -- E: 0.38 -- y: -1.00 -- 133.0s 
Epoch 14: {'CarbonCE': 0.359, 'NitroCE': 0.214, 'OxyCE': 0.259, 'FluorCE': 0.009} -- {'NoBondCE': 0.321, 'SingleCE': 0.3, 'DoubleCE': 0.059, 'TripleCE': 0.021, 'AromaticCE': 0.0}
Starting epoch 15
Train epoch 15 ends
Epoch 15 finished: X: 0.46 -- charges: 0.08 -- E: 0.37 -- y: -1.00 -- 132.9s 
Epoch 15: {'CarbonCE': 0.358, 'NitroCE': 0.213, 'OxyCE': 0.259, 'FluorCE': 0.009} -- {'NoBondCE': 0.32, 'SingleCE': 0.3, 'DoubleCE': 0.059, 'TripleCE': 0.021, 'AromaticCE': 0.0}
Starting epoch 16
Train epoch 16 ends
Epoch 16 finished: X: 0.47 -- charges: 0.08 -- E: 0.38 -- y: -1.00 -- 132.4s 
Epoch 16: {'CarbonCE': 0.359, 'NitroCE': 0.215, 'OxyCE': 0.259, 'FluorCE': 0.009} -- {'NoBondCE': 0.322, 'SingleCE': 0.301, 'DoubleCE': 0.059, 'TripleCE': 0.021, 'AromaticCE': 0.0}
Starting epoch 17
Train epoch 17 ends
Epoch 17 finished: X: 0.46 -- charges: 0.08 -- E: 0.37 -- y: -1.00 -- 132.1s 
Epoch 17: {'CarbonCE': 0.358, 'NitroCE': 0.213, 'OxyCE': 0.259, 'FluorCE': 0.009} -- {'NoBondCE': 0.319, 'SingleCE': 0.299, 'DoubleCE': 0.058, 'TripleCE': 0.021, 'AromaticCE': 0.0}
Starting epoch 18
Train epoch 18 ends
Epoch 18 finished: X: 0.46 -- charges: 0.08 -- E: 0.37 -- y: -1.00 -- 132.3s 
Epoch 18: {'CarbonCE': 0.358, 'NitroCE': 0.214, 'OxyCE': 0.258, 'FluorCE': 0.009} -- {'NoBondCE': 0.32, 'SingleCE': 0.3, 'DoubleCE': 0.059, 'TripleCE': 0.021, 'AromaticCE': 0.0}
Starting epoch 19
Epoch 19: val/epoch_NLL: 69.86 -- val/X_kl: 3.16 -- val/E_kl: 65.52 -- val/charges_kl: 0.61 
Val loss: 69.8573 	 Best val loss:  69.8573

Val epoch 19 ends
Divergence threshold reached: val/epoch_NLL = 69.85733032226562 < 10.0. Signaling Trainer to stop.
Train epoch 19 ends
Epoch 19 finished: X: 0.47 -- charges: 0.08 -- E: 0.37 -- y: -1.00 -- 150.7s 
Epoch 19: {'CarbonCE': 0.358, 'NitroCE': 0.214, 'OxyCE': 0.259, 'FluorCE': 0.009} -- {'NoBondCE': 0.32, 'SingleCE': 0.3, 'DoubleCE': 0.059, 'TripleCE': 0.021, 'AromaticCE': 0.0}
[rank: 0] Global seed set to 0
You are using a CUDA device ('NVIDIA RTX A5000') that has Tensor Cores. To properly utilize them, you should set `torch.set_float32_matmul_precision('medium' | 'high')` which will trade-off precision for performance. For more details, read https://pytorch.org/docs/stable/generated/torch.set_float32_matmul_precision.html#torch.set_float32_matmul_precision
LOCAL_RANK: 0 - CUDA_VISIBLE_DEVICES: [0]
SLURM auto-requeueing enabled. Setting signal handlers.
wandb: Waiting for W&B process to finish... (success).
wandb: - 0.550 MB of 0.550 MB uploaded (0.000 MB deduped)wandb: \ 0.550 MB of 0.550 MB uploaded (0.000 MB deduped)wandb: | 0.550 MB of 0.550 MB uploaded (0.000 MB deduped)wandb: / 0.550 MB of 0.550 MB uploaded (0.000 MB deduped)wandb: - 0.550 MB of 0.550 MB uploaded (0.000 MB deduped)wandb: \ 0.550 MB of 0.550 MB uploaded (0.000 MB deduped)wandb: 
wandb: Run history:
wandb:                       epoch ▁▁▂▂▂▃▃▄▄▄▅▅▅▆▆▇▇▇██
wandb:            train/AromaticCE █▃▁▁▁▁▁▁▁▁▁▁▁▁▁▁▁▁▁▁▁▁▁▁▁▁▁▁▁▁▁▁▁▁▁▁▁▁▁▁
wandb:              train/CarbonCE █▅▂▂▂▂▂▂▂▂▂▂▁▂▂▁▁▁▁▁▁▁▁▁▁▁▁▁▁▁▁▁▁▁▁▁▁▁▁▁
wandb:              train/DoubleCE █▄▂▂▁▂▁▁▁▁▁▁▁▁▁▁▁▁▁▁▁▁▁▁▁▁▁▁▁▁▁▁▁▁▁▁▁▁▁▁
wandb:               train/FluorCE █▄▂▂▂▂▂▂▁▂▂▂▂▂▂▁▂▂▂▁▂▂▁▂▁▁▁▁▁▁▁▁▂▂▂▁▂▁▂▁
wandb:               train/NitroCE █▅▂▂▂▂▂▂▂▂▂▂▂▂▂▁▂▁▂▂▂▂▂▁▁▁▂▁▁▁▁▁▁▁▁▁▁▁▂▁
wandb:              train/NoBondCE █▄▂▂▂▂▂▂▂▂▂▂▁▂▂▁▁▁▁▁▂▁▁▁▁▁▁▁▁▁▁▁▁▁▁▁▁▁▁▁
wandb:                 train/OxyCE █▅▂▂▂▂▂▂▂▂▂▂▁▁▁▁▁▁▁▁▁▁▁▁▁▁▁▁▁▁▁▁▁▁▁▁▁▁▁▁
wandb:              train/SingleCE █▄▂▂▂▂▂▂▂▂▂▂▁▂▂▁▁▁▂▁▂▂▁▁▁▁▁▁▁▁▁▁▁▁▁▁▁▁▁▁
wandb:              train/TripleCE █▄▂▂▁▁▁▁▁▁▁▁▁▁▁▁▁▁▁▁▁▁▁▁▁▁▁▁▁▁▁▁▁▁▁▁▁▁▁▁
wandb:            train_epoch/E_CE █▃▃▂▂▂▂▂▁▂▂▁▁▁▁▁▂▁▁▁
wandb:      train_epoch/charges_CE █▃▃▂▂▂▂▂▁▂▂▁▁▁▁▁▁▁▁▁
wandb: train_epoch/epochAromaticCE █▁▁▁▁▁▁▁▁▁▁▁▁▁▁▁▁▁▁▁
wandb:   train_epoch/epochCarbonCE █▃▃▂▂▂▂▁▁▁▂▁▁▁▁▁▁▁▁▁
wandb:   train_epoch/epochDoubleCE █▃▂▂▂▂▂▂▁▂▂▁▁▁▁▁▂▁▁▁
wandb:    train_epoch/epochFluorCE █▃▂▂▂▂▂▁▂▁▂▂▁▁▁▁▂▁▁▁
wandb:    train_epoch/epochNitroCE █▃▃▂▂▂▂▂▁▁▂▁▁▁▁▁▁▁▁▁
wandb:   train_epoch/epochNoBondCE █▄▃▂▂▂▂▂▂▂▂▂▁▁▁▁▂▁▁▁
wandb:      train_epoch/epochOxyCE █▃▂▂▂▂▂▁▂▂▂▁▁▁▁▁▁▁▁▁
wandb:   train_epoch/epochSingleCE █▄▃▂▂▂▂▂▂▂▂▂▁▁▁▁▂▁▁▁
wandb:   train_epoch/epochTripleCE █▂▂▂▁▁▁▁▁▁▁▁▂▁▁▁▁▁▁▁
wandb:            train_epoch/x_CE █▃▂▂▂▂▂▁▁▁▂▁▁▁▁▁▁▁▁▁
wandb:            train_epoch/y_CE ▁▁▁▁▁▁▁▁▁▁▁▁▁▁▁▁▁▁▁▁
wandb:             train_loss/E_CE █▄▂▂▂▂▁▁▂▁▁▁▁▁▁▁▁▁▁▁▁▁▁▁▁▁▁▁▁▁▁▁▁▁▁▁▁▁▁▁
wandb:             train_loss/X_CE █▅▂▂▂▂▂▂▂▂▂▂▁▂▁▁▁▁▁▁▁▁▁▁▁▁▁▁▁▁▁▁▁▁▁▁▁▁▁▁
wandb:       train_loss/batch_loss █▅▅▄▅▅▆▄█▅▄▄▄▄▇▁▄▃▂▁▅▃▆▅▄▅▃▄▆▆▅▂▅▄▂▃▅▃▅▇
wandb:       train_loss/charges_CE █▄▂▂▂▂▂▂▁▁▁▁▁▁▁▁▁▁▂▁▁▁▁▁▁▁▁▁▁▁▁▁▁▁▁▁▁▁▁▁
wandb:             train_loss/y_CE ▁▁▁▁▁▁▁▁▁▁▁▁▁▁▁▁▁▁▁▁▁▁▁▁▁▁▁▁▁▁▁▁▁▁▁▁▁▁▁▁
wandb:                    val/E_kl █▁
wandb:                    val/X_kl █▁
wandb:              val/charges_kl █▁
wandb:               val/epoch_NLL █▁
wandb: 
wandb: Run summary:
wandb:                       epoch 19
wandb:            train/AromaticCE 1e-05
wandb:              train/CarbonCE 0.35835
wandb:              train/DoubleCE 0.05859
wandb:               train/FluorCE 0.0088
wandb:               train/NitroCE 0.21411
wandb:              train/NoBondCE 0.3203
wandb:                 train/OxyCE 0.25918
wandb:              train/SingleCE 0.29993
wandb:              train/TripleCE 0.021
wandb:            train_epoch/E_CE 0.37469
wandb:      train_epoch/charges_CE 0.08092
wandb: train_epoch/epochAromaticCE 1e-05
wandb:   train_epoch/epochCarbonCE 0.35829
wandb:   train_epoch/epochDoubleCE 0.05857
wandb:    train_epoch/epochFluorCE 0.00882
wandb:    train_epoch/epochNitroCE 0.21407
wandb:   train_epoch/epochNoBondCE 0.32031
wandb:      train_epoch/epochOxyCE 0.25917
wandb:   train_epoch/epochSingleCE 0.29996
wandb:   train_epoch/epochTripleCE 0.02097
wandb:            train_epoch/x_CE 0.46503
wandb:            train_epoch/y_CE -1.0
wandb:             train_loss/E_CE 1.8735
wandb:             train_loss/X_CE 0.46507
wandb:       train_loss/batch_loss 2.71691
wandb:       train_loss/charges_CE 0.16165
wandb:             train_loss/y_CE -1.0
wandb:                    val/E_kl 65.52114
wandb:                    val/X_kl 3.16012
wandb:              val/charges_kl 0.60774
wandb:               val/epoch_NLL 69.85733
wandb: 
wandb: 🚀 View run qm9_thesis_ring_count_at_most_0 at: https://wandb.ai/islekrana-universit-di-padova/ConStruct_qm9/runs/di9oyasr
wandb: Synced 6 W&B file(s), 0 media file(s), 2 artifact file(s) and 5 other file(s)
wandb: Find logs at: ./wandb/run-20250809_002225-di9oyasr/logs
wandb: wandb version 0.21.1 is available!  To upgrade, please run:
wandb:  $ pip install wandb --upgrade
wandb: Tracking run with wandb version 0.15.4
wandb: Run data is saved locally in /extra/rislek/ConStruct-Thesis/ConStruct/wandb/run-20250809_010726-c01ffgsb
wandb: Run `wandb offline` to turn off syncing.
wandb: Syncing run qm9_thesis_ring_count_at_most_0
wandb: ⭐️ View project at https://wandb.ai/islekrana-universit-di-padova/ConStruct_qm9
wandb: 🚀 View run at https://wandb.ai/islekrana-universit-di-padova/ConStruct_qm9/runs/c01ffgsb
Test loss: 70.0935
Epoch 20: test/epoch_NLL: 70.0935 -- test/X_kl: 3.1978 -- test/E_kl: 65.7522 -- test/charges_kl: 0.5878 
Sampling start on GR0
Samples to generate: 2000 for each of the 1 devices
Samples to save: 500
Sampling a batch with 230 graphs on local rank 0. Saving 230 visualization and 100 full chains.
[2025-08-09 01:08:03,304][ConStruct.projector.projector_utils][INFO] - ⏱️ RingCountAtMostProjector: projection_time=0.0200s, mode=INCREMENTAL
[2025-08-09 01:08:12,854][ConStruct.projector.projector_utils][INFO] - ⏱️ RingCountAtMostProjector: projection_time=0.0194s, mode=INCREMENTAL
[2025-08-09 01:08:22,427][ConStruct.projector.projector_utils][INFO] - ⏱️ RingCountAtMostProjector: projection_time=0.0196s, mode=INCREMENTAL
[2025-08-09 01:08:32,017][ConStruct.projector.projector_utils][INFO] - ⏱️ RingCountAtMostProjector: projection_time=0.0200s, mode=INCREMENTAL
[2025-08-09 01:08:41,721][ConStruct.projector.projector_utils][INFO] - ⏱️ RingCountAtMostProjector: projection_time=0.0327s, mode=INCREMENTAL
Batch sampled. Visualizing chains starts!
1/100 chains saved on local rank 0.Saving /extra/rislek/ConStruct-Thesis/ConStruct/chains/epoch20/batch230_GR0/molecule_230_0.gif to wandb
2/100 chains saved on local rank 0.Saving /extra/rislek/ConStruct-Thesis/ConStruct/chains/epoch20/batch230_GR0/molecule_231_0.gif to wandb
3/100 chains saved on local rank 0.Saving /extra/rislek/ConStruct-Thesis/ConStruct/chains/epoch20/batch230_GR0/molecule_232_0.gif to wandb
4/100 chains saved on local rank 0.Saving /extra/rislek/ConStruct-Thesis/ConStruct/chains/epoch20/batch230_GR0/molecule_233_0.gif to wandb
5/100 chains saved on local rank 0.Saving /extra/rislek/ConStruct-Thesis/ConStruct/chains/epoch20/batch230_GR0/molecule_234_0.gif to wandb
6/100 chains saved on local rank 0.Saving /extra/rislek/ConStruct-Thesis/ConStruct/chains/epoch20/batch230_GR0/molecule_235_0.gif to wandb
7/100 chains saved on local rank 0.Saving /extra/rislek/ConStruct-Thesis/ConStruct/chains/epoch20/batch230_GR0/molecule_236_0.gif to wandb
8/100 chains saved on local rank 0.Saving /extra/rislek/ConStruct-Thesis/ConStruct/chains/epoch20/batch230_GR0/molecule_237_0.gif to wandb
9/100 chains saved on local rank 0.Saving /extra/rislek/ConStruct-Thesis/ConStruct/chains/epoch20/batch230_GR0/molecule_238_0.gif to wandb
10/100 chains saved on local rank 0.Saving /extra/rislek/ConStruct-Thesis/ConStruct/chains/epoch20/batch230_GR0/molecule_239_0.gif to wandb
11/100 chains saved on local rank 0.Saving /extra/rislek/ConStruct-Thesis/ConStruct/chains/epoch20/batch230_GR0/molecule_240_0.gif to wandb
12/100 chains saved on local rank 0.Saving /extra/rislek/ConStruct-Thesis/ConStruct/chains/epoch20/batch230_GR0/molecule_241_0.gif to wandb
13/100 chains saved on local rank 0.Saving /extra/rislek/ConStruct-Thesis/ConStruct/chains/epoch20/batch230_GR0/molecule_242_0.gif to wandb
14/100 chains saved on local rank 0.Saving /extra/rislek/ConStruct-Thesis/ConStruct/chains/epoch20/batch230_GR0/molecule_243_0.gif to wandb
15/100 chains saved on local rank 0.Saving /extra/rislek/ConStruct-Thesis/ConStruct/chains/epoch20/batch230_GR0/molecule_244_0.gif to wandb
16/100 chains saved on local rank 0.Saving /extra/rislek/ConStruct-Thesis/ConStruct/chains/epoch20/batch230_GR0/molecule_245_0.gif to wandb
17/100 chains saved on local rank 0.Saving /extra/rislek/ConStruct-Thesis/ConStruct/chains/epoch20/batch230_GR0/molecule_246_0.gif to wandb
18/100 chains saved on local rank 0.Saving /extra/rislek/ConStruct-Thesis/ConStruct/chains/epoch20/batch230_GR0/molecule_247_0.gif to wandb
19/100 chains saved on local rank 0.Saving /extra/rislek/ConStruct-Thesis/ConStruct/chains/epoch20/batch230_GR0/molecule_248_0.gif to wandb
20/100 chains saved on local rank 0.Saving /extra/rislek/ConStruct-Thesis/ConStruct/chains/epoch20/batch230_GR0/molecule_249_0.gif to wandb
21/100 chains saved on local rank 0.Saving /extra/rislek/ConStruct-Thesis/ConStruct/chains/epoch20/batch230_GR0/molecule_250_0.gif to wandb
22/100 chains saved on local rank 0.Saving /extra/rislek/ConStruct-Thesis/ConStruct/chains/epoch20/batch230_GR0/molecule_251_0.gif to wandb
23/100 chains saved on local rank 0.Saving /extra/rislek/ConStruct-Thesis/ConStruct/chains/epoch20/batch230_GR0/molecule_252_0.gif to wandb
24/100 chains saved on local rank 0.Saving /extra/rislek/ConStruct-Thesis/ConStruct/chains/epoch20/batch230_GR0/molecule_253_0.gif to wandb
25/100 chains saved on local rank 0.Saving /extra/rislek/ConStruct-Thesis/ConStruct/chains/epoch20/batch230_GR0/molecule_254_0.gif to wandb
26/100 chains saved on local rank 0.Saving /extra/rislek/ConStruct-Thesis/ConStruct/chains/epoch20/batch230_GR0/molecule_255_0.gif to wandb
27/100 chains saved on local rank 0.Saving /extra/rislek/ConStruct-Thesis/ConStruct/chains/epoch20/batch230_GR0/molecule_256_0.gif to wandb
28/100 chains saved on local rank 0.Saving /extra/rislek/ConStruct-Thesis/ConStruct/chains/epoch20/batch230_GR0/molecule_257_0.gif to wandb
29/100 chains saved on local rank 0.Saving /extra/rislek/ConStruct-Thesis/ConStruct/chains/epoch20/batch230_GR0/molecule_258_0.gif to wandb
30/100 chains saved on local rank 0.Saving /extra/rislek/ConStruct-Thesis/ConStruct/chains/epoch20/batch230_GR0/molecule_259_0.gif to wandb
31/100 chains saved on local rank 0.Saving /extra/rislek/ConStruct-Thesis/ConStruct/chains/epoch20/batch230_GR0/molecule_260_0.gif to wandb
32/100 chains saved on local rank 0.Saving /extra/rislek/ConStruct-Thesis/ConStruct/chains/epoch20/batch230_GR0/molecule_261_0.gif to wandb
33/100 chains saved on local rank 0.Saving /extra/rislek/ConStruct-Thesis/ConStruct/chains/epoch20/batch230_GR0/molecule_262_0.gif to wandb
34/100 chains saved on local rank 0.Saving /extra/rislek/ConStruct-Thesis/ConStruct/chains/epoch20/batch230_GR0/molecule_263_0.gif to wandb
35/100 chains saved on local rank 0.Saving /extra/rislek/ConStruct-Thesis/ConStruct/chains/epoch20/batch230_GR0/molecule_264_0.gif to wandb
36/100 chains saved on local rank 0.Saving /extra/rislek/ConStruct-Thesis/ConStruct/chains/epoch20/batch230_GR0/molecule_265_0.gif to wandb
37/100 chains saved on local rank 0.Saving /extra/rislek/ConStruct-Thesis/ConStruct/chains/epoch20/batch230_GR0/molecule_266_0.gif to wandb
38/100 chains saved on local rank 0.Saving /extra/rislek/ConStruct-Thesis/ConStruct/chains/epoch20/batch230_GR0/molecule_267_0.gif to wandb
39/100 chains saved on local rank 0.Saving /extra/rislek/ConStruct-Thesis/ConStruct/chains/epoch20/batch230_GR0/molecule_268_0.gif to wandb
40/100 chains saved on local rank 0.Saving /extra/rislek/ConStruct-Thesis/ConStruct/chains/epoch20/batch230_GR0/molecule_269_0.gif to wandb
41/100 chains saved on local rank 0.Saving /extra/rislek/ConStruct-Thesis/ConStruct/chains/epoch20/batch230_GR0/molecule_270_0.gif to wandb
42/100 chains saved on local rank 0.Saving /extra/rislek/ConStruct-Thesis/ConStruct/chains/epoch20/batch230_GR0/molecule_271_0.gif to wandb
43/100 chains saved on local rank 0.Saving /extra/rislek/ConStruct-Thesis/ConStruct/chains/epoch20/batch230_GR0/molecule_272_0.gif to wandb
44/100 chains saved on local rank 0.Saving /extra/rislek/ConStruct-Thesis/ConStruct/chains/epoch20/batch230_GR0/molecule_273_0.gif to wandb
45/100 chains saved on local rank 0.Saving /extra/rislek/ConStruct-Thesis/ConStruct/chains/epoch20/batch230_GR0/molecule_274_0.gif to wandb
46/100 chains saved on local rank 0.Saving /extra/rislek/ConStruct-Thesis/ConStruct/chains/epoch20/batch230_GR0/molecule_275_0.gif to wandb
47/100 chains saved on local rank 0.Saving /extra/rislek/ConStruct-Thesis/ConStruct/chains/epoch20/batch230_GR0/molecule_276_0.gif to wandb
48/100 chains saved on local rank 0.Saving /extra/rislek/ConStruct-Thesis/ConStruct/chains/epoch20/batch230_GR0/molecule_277_0.gif to wandb
49/100 chains saved on local rank 0.Saving /extra/rislek/ConStruct-Thesis/ConStruct/chains/epoch20/batch230_GR0/molecule_278_0.gif to wandb
50/100 chains saved on local rank 0.Saving /extra/rislek/ConStruct-Thesis/ConStruct/chains/epoch20/batch230_GR0/molecule_279_0.gif to wandb
51/100 chains saved on local rank 0.Saving /extra/rislek/ConStruct-Thesis/ConStruct/chains/epoch20/batch230_GR0/molecule_280_0.gif to wandb
52/100 chains saved on local rank 0.Saving /extra/rislek/ConStruct-Thesis/ConStruct/chains/epoch20/batch230_GR0/molecule_281_0.gif to wandb
53/100 chains saved on local rank 0.Saving /extra/rislek/ConStruct-Thesis/ConStruct/chains/epoch20/batch230_GR0/molecule_282_0.gif to wandb
54/100 chains saved on local rank 0.Saving /extra/rislek/ConStruct-Thesis/ConStruct/chains/epoch20/batch230_GR0/molecule_283_0.gif to wandb
55/100 chains saved on local rank 0.Saving /extra/rislek/ConStruct-Thesis/ConStruct/chains/epoch20/batch230_GR0/molecule_284_0.gif to wandb
56/100 chains saved on local rank 0.Saving /extra/rislek/ConStruct-Thesis/ConStruct/chains/epoch20/batch230_GR0/molecule_285_0.gif to wandb
57/100 chains saved on local rank 0.Saving /extra/rislek/ConStruct-Thesis/ConStruct/chains/epoch20/batch230_GR0/molecule_286_0.gif to wandb
58/100 chains saved on local rank 0.Saving /extra/rislek/ConStruct-Thesis/ConStruct/chains/epoch20/batch230_GR0/molecule_287_0.gif to wandb
59/100 chains saved on local rank 0.Saving /extra/rislek/ConStruct-Thesis/ConStruct/chains/epoch20/batch230_GR0/molecule_288_0.gif to wandb
60/100 chains saved on local rank 0.Saving /extra/rislek/ConStruct-Thesis/ConStruct/chains/epoch20/batch230_GR0/molecule_289_0.gif to wandb
61/100 chains saved on local rank 0.Saving /extra/rislek/ConStruct-Thesis/ConStruct/chains/epoch20/batch230_GR0/molecule_290_0.gif to wandb
62/100 chains saved on local rank 0.Saving /extra/rislek/ConStruct-Thesis/ConStruct/chains/epoch20/batch230_GR0/molecule_291_0.gif to wandb
63/100 chains saved on local rank 0.Saving /extra/rislek/ConStruct-Thesis/ConStruct/chains/epoch20/batch230_GR0/molecule_292_0.gif to wandb
64/100 chains saved on local rank 0.Saving /extra/rislek/ConStruct-Thesis/ConStruct/chains/epoch20/batch230_GR0/molecule_293_0.gif to wandb
65/100 chains saved on local rank 0.Saving /extra/rislek/ConStruct-Thesis/ConStruct/chains/epoch20/batch230_GR0/molecule_294_0.gif to wandb
66/100 chains saved on local rank 0.Saving /extra/rislek/ConStruct-Thesis/ConStruct/chains/epoch20/batch230_GR0/molecule_295_0.gif to wandb
67/100 chains saved on local rank 0.Saving /extra/rislek/ConStruct-Thesis/ConStruct/chains/epoch20/batch230_GR0/molecule_296_0.gif to wandb
68/100 chains saved on local rank 0.Saving /extra/rislek/ConStruct-Thesis/ConStruct/chains/epoch20/batch230_GR0/molecule_297_0.gif to wandb
69/100 chains saved on local rank 0.Saving /extra/rislek/ConStruct-Thesis/ConStruct/chains/epoch20/batch230_GR0/molecule_298_0.gif to wandb
70/100 chains saved on local rank 0.Saving /extra/rislek/ConStruct-Thesis/ConStruct/chains/epoch20/batch230_GR0/molecule_299_0.gif to wandb
71/100 chains saved on local rank 0.Saving /extra/rislek/ConStruct-Thesis/ConStruct/chains/epoch20/batch230_GR0/molecule_300_0.gif to wandb
72/100 chains saved on local rank 0.Saving /extra/rislek/ConStruct-Thesis/ConStruct/chains/epoch20/batch230_GR0/molecule_301_0.gif to wandb
73/100 chains saved on local rank 0.Saving /extra/rislek/ConStruct-Thesis/ConStruct/chains/epoch20/batch230_GR0/molecule_302_0.gif to wandb
74/100 chains saved on local rank 0.Saving /extra/rislek/ConStruct-Thesis/ConStruct/chains/epoch20/batch230_GR0/molecule_303_0.gif to wandb
75/100 chains saved on local rank 0.Saving /extra/rislek/ConStruct-Thesis/ConStruct/chains/epoch20/batch230_GR0/molecule_304_0.gif to wandb
76/100 chains saved on local rank 0.Saving /extra/rislek/ConStruct-Thesis/ConStruct/chains/epoch20/batch230_GR0/molecule_305_0.gif to wandb
77/100 chains saved on local rank 0.Saving /extra/rislek/ConStruct-Thesis/ConStruct/chains/epoch20/batch230_GR0/molecule_306_0.gif to wandb
78/100 chains saved on local rank 0.Saving /extra/rislek/ConStruct-Thesis/ConStruct/chains/epoch20/batch230_GR0/molecule_307_0.gif to wandb
79/100 chains saved on local rank 0.Saving /extra/rislek/ConStruct-Thesis/ConStruct/chains/epoch20/batch230_GR0/molecule_308_0.gif to wandb
80/100 chains saved on local rank 0.Saving /extra/rislek/ConStruct-Thesis/ConStruct/chains/epoch20/batch230_GR0/molecule_309_0.gif to wandb
81/100 chains saved on local rank 0.Saving /extra/rislek/ConStruct-Thesis/ConStruct/chains/epoch20/batch230_GR0/molecule_310_0.gif to wandb
82/100 chains saved on local rank 0.Saving /extra/rislek/ConStruct-Thesis/ConStruct/chains/epoch20/batch230_GR0/molecule_311_0.gif to wandb
83/100 chains saved on local rank 0.Saving /extra/rislek/ConStruct-Thesis/ConStruct/chains/epoch20/batch230_GR0/molecule_312_0.gif to wandb
84/100 chains saved on local rank 0.Saving /extra/rislek/ConStruct-Thesis/ConStruct/chains/epoch20/batch230_GR0/molecule_313_0.gif to wandb
85/100 chains saved on local rank 0.Saving /extra/rislek/ConStruct-Thesis/ConStruct/chains/epoch20/batch230_GR0/molecule_314_0.gif to wandb
86/100 chains saved on local rank 0.Saving /extra/rislek/ConStruct-Thesis/ConStruct/chains/epoch20/batch230_GR0/molecule_315_0.gif to wandb
87/100 chains saved on local rank 0.Saving /extra/rislek/ConStruct-Thesis/ConStruct/chains/epoch20/batch230_GR0/molecule_316_0.gif to wandb
88/100 chains saved on local rank 0.Saving /extra/rislek/ConStruct-Thesis/ConStruct/chains/epoch20/batch230_GR0/molecule_317_0.gif to wandb
89/100 chains saved on local rank 0.Saving /extra/rislek/ConStruct-Thesis/ConStruct/chains/epoch20/batch230_GR0/molecule_318_0.gif to wandb
90/100 chains saved on local rank 0.Saving /extra/rislek/ConStruct-Thesis/ConStruct/chains/epoch20/batch230_GR0/molecule_319_0.gif to wandb
91/100 chains saved on local rank 0.Saving /extra/rislek/ConStruct-Thesis/ConStruct/chains/epoch20/batch230_GR0/molecule_320_0.gif to wandb
92/100 chains saved on local rank 0.Saving /extra/rislek/ConStruct-Thesis/ConStruct/chains/epoch20/batch230_GR0/molecule_321_0.gif to wandb
93/100 chains saved on local rank 0.Saving /extra/rislek/ConStruct-Thesis/ConStruct/chains/epoch20/batch230_GR0/molecule_322_0.gif to wandb
94/100 chains saved on local rank 0.Saving /extra/rislek/ConStruct-Thesis/ConStruct/chains/epoch20/batch230_GR0/molecule_323_0.gif to wandb
95/100 chains saved on local rank 0.Saving /extra/rislek/ConStruct-Thesis/ConStruct/chains/epoch20/batch230_GR0/molecule_324_0.gif to wandb
96/100 chains saved on local rank 0.Saving /extra/rislek/ConStruct-Thesis/ConStruct/chains/epoch20/batch230_GR0/molecule_325_0.gif to wandb
97/100 chains saved on local rank 0.Saving /extra/rislek/ConStruct-Thesis/ConStruct/chains/epoch20/batch230_GR0/molecule_326_0.gif to wandb
98/100 chains saved on local rank 0.Saving /extra/rislek/ConStruct-Thesis/ConStruct/chains/epoch20/batch230_GR0/molecule_327_0.gif to wandb
99/100 chains saved on local rank 0.Saving /extra/rislek/ConStruct-Thesis/ConStruct/chains/epoch20/batch230_GR0/molecule_328_0.gif to wandb
100/100 chains saved on local rank 0.Saving /extra/rislek/ConStruct-Thesis/ConStruct/chains/epoch20/batch230_GR0/molecule_329_0.gif to wandb
Visualizing 230 graphs out of 230
Saving /extra/rislek/ConStruct-Thesis/ConStruct/graphs/qm9_thesis_ring_count_at_most_0/epoch20_b230/graph_0.png to wandb
Saving /extra/rislek/ConStruct-Thesis/ConStruct/graphs/qm9_thesis_ring_count_at_most_0/epoch20_b230/graph_1.png to wandb
Saving /extra/rislek/ConStruct-Thesis/ConStruct/graphs/qm9_thesis_ring_count_at_most_0/epoch20_b230/graph_2.png to wandb
Done.
Sampling a batch with 230 graphs on local rank 0. Saving 230 visualization and 0 full chains.
[2025-08-09 01:22:14,288][ConStruct.projector.projector_utils][INFO] - ⏱️ RingCountAtMostProjector: projection_time=0.0201s, mode=INCREMENTAL
[2025-08-09 01:22:23,840][ConStruct.projector.projector_utils][INFO] - ⏱️ RingCountAtMostProjector: projection_time=0.0198s, mode=INCREMENTAL
[2025-08-09 01:22:33,399][ConStruct.projector.projector_utils][INFO] - ⏱️ RingCountAtMostProjector: projection_time=0.0199s, mode=INCREMENTAL
[2025-08-09 01:22:42,966][ConStruct.projector.projector_utils][INFO] - ⏱️ RingCountAtMostProjector: projection_time=0.0195s, mode=INCREMENTAL
[2025-08-09 01:22:52,643][ConStruct.projector.projector_utils][INFO] - ⏱️ RingCountAtMostProjector: projection_time=0.0357s, mode=INCREMENTAL
Visualizing 230 graphs out of 230
Saving /extra/rislek/ConStruct-Thesis/ConStruct/graphs/qm9_thesis_ring_count_at_most_0/epoch20_b460/graph_0.png to wandb
Saving /extra/rislek/ConStruct-Thesis/ConStruct/graphs/qm9_thesis_ring_count_at_most_0/epoch20_b460/graph_1.png to wandb
Saving /extra/rislek/ConStruct-Thesis/ConStruct/graphs/qm9_thesis_ring_count_at_most_0/epoch20_b460/graph_2.png to wandb
Done.
Sampling a batch with 40 graphs on local rank 0. Saving 40 visualization and 0 full chains.
[2025-08-09 01:23:09,759][ConStruct.projector.projector_utils][INFO] - ⏱️ RingCountAtMostProjector: projection_time=0.0036s, mode=INCREMENTAL
[2025-08-09 01:23:15,203][ConStruct.projector.projector_utils][INFO] - ⏱️ RingCountAtMostProjector: projection_time=0.0036s, mode=INCREMENTAL
[2025-08-09 01:23:20,648][ConStruct.projector.projector_utils][INFO] - ⏱️ RingCountAtMostProjector: projection_time=0.0036s, mode=INCREMENTAL
[2025-08-09 01:23:26,095][ConStruct.projector.projector_utils][INFO] - ⏱️ RingCountAtMostProjector: projection_time=0.0035s, mode=INCREMENTAL
[2025-08-09 01:23:31,569][ConStruct.projector.projector_utils][INFO] - ⏱️ RingCountAtMostProjector: projection_time=0.0056s, mode=INCREMENTAL
Visualizing 40 graphs out of 40
Saving /extra/rislek/ConStruct-Thesis/ConStruct/graphs/qm9_thesis_ring_count_at_most_0/epoch20_b500/graph_0.png to wandb
Saving /extra/rislek/ConStruct-Thesis/ConStruct/graphs/qm9_thesis_ring_count_at_most_0/epoch20_b500/graph_1.png to wandb
Saving /extra/rislek/ConStruct-Thesis/ConStruct/graphs/qm9_thesis_ring_count_at_most_0/epoch20_b500/graph_2.png to wandb
Done.
Sampling a batch with 231 graphs on local rank 0. Saving 0 visualization and 0 full chains.
[2025-08-09 01:23:43,361][ConStruct.projector.projector_utils][INFO] - ⏱️ RingCountAtMostProjector: projection_time=0.0202s, mode=INCREMENTAL
[2025-08-09 01:23:52,903][ConStruct.projector.projector_utils][INFO] - ⏱️ RingCountAtMostProjector: projection_time=0.0197s, mode=INCREMENTAL
[2025-08-09 01:24:02,453][ConStruct.projector.projector_utils][INFO] - ⏱️ RingCountAtMostProjector: projection_time=0.0201s, mode=INCREMENTAL
[2025-08-09 01:24:12,020][ConStruct.projector.projector_utils][INFO] - ⏱️ RingCountAtMostProjector: projection_time=0.0200s, mode=INCREMENTAL
[2025-08-09 01:24:21,681][ConStruct.projector.projector_utils][INFO] - ⏱️ RingCountAtMostProjector: projection_time=0.0332s, mode=INCREMENTAL
Done.
Sampling a batch with 231 graphs on local rank 0. Saving 0 visualization and 0 full chains.
[2025-08-09 01:24:31,337][ConStruct.projector.projector_utils][INFO] - ⏱️ RingCountAtMostProjector: projection_time=0.0198s, mode=INCREMENTAL
[2025-08-09 01:24:40,837][ConStruct.projector.projector_utils][INFO] - ⏱️ RingCountAtMostProjector: projection_time=0.0196s, mode=INCREMENTAL
[2025-08-09 01:24:50,351][ConStruct.projector.projector_utils][INFO] - ⏱️ RingCountAtMostProjector: projection_time=0.0202s, mode=INCREMENTAL
[2025-08-09 01:24:59,966][ConStruct.projector.projector_utils][INFO] - ⏱️ RingCountAtMostProjector: projection_time=0.0210s, mode=INCREMENTAL
[2025-08-09 01:25:09,635][ConStruct.projector.projector_utils][INFO] - ⏱️ RingCountAtMostProjector: projection_time=0.0312s, mode=INCREMENTAL
Done.
Sampling a batch with 231 graphs on local rank 0. Saving 0 visualization and 0 full chains.
[2025-08-09 01:25:19,261][ConStruct.projector.projector_utils][INFO] - ⏱️ RingCountAtMostProjector: projection_time=0.0198s, mode=INCREMENTAL
[2025-08-09 01:25:28,767][ConStruct.projector.projector_utils][INFO] - ⏱️ RingCountAtMostProjector: projection_time=0.0199s, mode=INCREMENTAL
[2025-08-09 01:25:38,286][ConStruct.projector.projector_utils][INFO] - ⏱️ RingCountAtMostProjector: projection_time=0.0212s, mode=INCREMENTAL
[2025-08-09 01:25:47,884][ConStruct.projector.projector_utils][INFO] - ⏱️ RingCountAtMostProjector: projection_time=0.0206s, mode=INCREMENTAL
[2025-08-09 01:25:57,594][ConStruct.projector.projector_utils][INFO] - ⏱️ RingCountAtMostProjector: projection_time=0.0344s, mode=INCREMENTAL
Done.
Sampling a batch with 231 graphs on local rank 0. Saving 0 visualization and 0 full chains.
[2025-08-09 01:26:07,272][ConStruct.projector.projector_utils][INFO] - ⏱️ RingCountAtMostProjector: projection_time=0.0199s, mode=INCREMENTAL
[2025-08-09 01:26:16,829][ConStruct.projector.projector_utils][INFO] - ⏱️ RingCountAtMostProjector: projection_time=0.0205s, mode=INCREMENTAL
[2025-08-09 01:26:26,371][ConStruct.projector.projector_utils][INFO] - ⏱️ RingCountAtMostProjector: projection_time=0.0201s, mode=INCREMENTAL
[2025-08-09 01:26:35,958][ConStruct.projector.projector_utils][INFO] - ⏱️ RingCountAtMostProjector: projection_time=0.0194s, mode=INCREMENTAL
[2025-08-09 01:26:45,685][ConStruct.projector.projector_utils][INFO] - ⏱️ RingCountAtMostProjector: projection_time=0.0355s, mode=INCREMENTAL
Done.
Sampling a batch with 231 graphs on local rank 0. Saving 0 visualization and 0 full chains.
[2025-08-09 01:26:55,375][ConStruct.projector.projector_utils][INFO] - ⏱️ RingCountAtMostProjector: projection_time=0.0200s, mode=INCREMENTAL
[2025-08-09 01:27:04,947][ConStruct.projector.projector_utils][INFO] - ⏱️ RingCountAtMostProjector: projection_time=0.0204s, mode=INCREMENTAL
[2025-08-09 01:27:14,518][ConStruct.projector.projector_utils][INFO] - ⏱️ RingCountAtMostProjector: projection_time=0.0197s, mode=INCREMENTAL
[2025-08-09 01:27:24,084][ConStruct.projector.projector_utils][INFO] - ⏱️ RingCountAtMostProjector: projection_time=0.0202s, mode=INCREMENTAL
[2025-08-09 01:27:33,764][ConStruct.projector.projector_utils][INFO] - ⏱️ RingCountAtMostProjector: projection_time=0.0310s, mode=INCREMENTAL
Done.
Sampling a batch with 231 graphs on local rank 0. Saving 0 visualization and 0 full chains.
[2025-08-09 01:27:43,408][ConStruct.projector.projector_utils][INFO] - ⏱️ RingCountAtMostProjector: projection_time=0.0200s, mode=INCREMENTAL
[2025-08-09 01:27:52,947][ConStruct.projector.projector_utils][INFO] - ⏱️ RingCountAtMostProjector: projection_time=0.0199s, mode=INCREMENTAL
[2025-08-09 01:28:02,495][ConStruct.projector.projector_utils][INFO] - ⏱️ RingCountAtMostProjector: projection_time=0.0198s, mode=INCREMENTAL
[2025-08-09 01:28:12,075][ConStruct.projector.projector_utils][INFO] - ⏱️ RingCountAtMostProjector: projection_time=0.0204s, mode=INCREMENTAL
[2025-08-09 01:28:21,741][ConStruct.projector.projector_utils][INFO] - ⏱️ RingCountAtMostProjector: projection_time=0.0319s, mode=INCREMENTAL
Done.
Sampling a batch with 114 graphs on local rank 0. Saving 0 visualization and 0 full chains.
[2025-08-09 01:28:28,855][ConStruct.projector.projector_utils][INFO] - ⏱️ RingCountAtMostProjector: projection_time=0.0099s, mode=INCREMENTAL
[2025-08-09 01:28:35,883][ConStruct.projector.projector_utils][INFO] - ⏱️ RingCountAtMostProjector: projection_time=0.0102s, mode=INCREMENTAL
[2025-08-09 01:28:42,911][ConStruct.projector.projector_utils][INFO] - ⏱️ RingCountAtMostProjector: projection_time=0.0098s, mode=INCREMENTAL
[2025-08-09 01:28:49,958][ConStruct.projector.projector_utils][INFO] - ⏱️ RingCountAtMostProjector: projection_time=0.0097s, mode=INCREMENTAL
[2025-08-09 01:28:57,022][ConStruct.projector.projector_utils][INFO] - ⏱️ RingCountAtMostProjector: projection_time=0.0153s, mode=INCREMENTAL
Done.
Saving the generated graphs
Saved.
📊 Computing final sampling metrics...
Error messages: AtomValence 11, Kekulize 0, other 0,  -- No error 1989
[rank: 0] Received SIGTERM: 15
[rank: 0] Received SIGTERM: 15
Bypassing SIGTERM: 15
Bypassing SIGTERM: 15
Some generated smiles: CCC(C=O)CCOC CC(=O)OC(C)C(C)O CCC(C)CC(O)C=O CCCOC(C)C(C)C CCC(C)OCCOC CCN(CC#N)C(N)=O CCC(CO)CC(C)C CC(C)C(=O)C(=O)CN C#CC[NH+](C)C(C)CO COCC(O)COC[NH-]

================================================================================
🎯 TABLE-BASED CONSTRAINT ANALYSIS
================================================================================
🎯 COMPREHENSIVE CONSTRAINT SATISFACTION ANALYSIS
================================================================================

+---------------------------+------------------------+
| Metric                    | Value                  |
+===========================+========================+
| Total Molecules Generated | 2,000                  |
+---------------------------+------------------------+
| Valid Molecules (RDKit)   | 1,989 (99.5%)          |
+---------------------------+------------------------+
| Invalid Molecules         | 11 (0.5%)              |
+---------------------------+------------------------+
| Connectivity Issues       | 0.0%                   |
+---------------------------+------------------------+
| Constraint Type           | ring_count_at_most ≤ 0 |
+---------------------------+------------------------+

🏗️ STRUCTURAL CONSTRAINT ENFORCEMENT (ALL Molecules - ConStruct Philosophy):
+--------------+-------------+--------+------------+
| Constraint   | Satisfied   | Rate   | Status     |
+==============+=============+========+============+
| ≤0           | 1989/2000   | 99.5%  | ⭐ ENFORCED |
+--------------+-------------+--------+------------+
| ≤1           | 1989/2000   | 99.5%  |            |
+--------------+-------------+--------+------------+
| ≤2           | 1989/2000   | 99.5%  |            |
+--------------+-------------+--------+------------+
| ≤3           | 1989/2000   | 99.5%  |            |
+--------------+-------------+--------+------------+
| ≤4           | 1989/2000   | 99.5%  |            |
+--------------+-------------+--------+------------+
| ≤5           | 1989/2000   | 99.5%  |            |
+--------------+-------------+--------+------------+
| ≤6           | 1989/2000   | 99.5%  |            |
+--------------+-------------+--------+------------+

🧪 CHEMICAL CONSTRAINT ENFORCEMENT (Valid Molecules Only):
+--------------+-------------+--------+------------+
| Constraint   | Satisfied   | Rate   | Status     |
+==============+=============+========+============+
| ≤0           | 1989/1989   | 100.0% | ⭐ ENFORCED |
+--------------+-------------+--------+------------+
| ≤1           | 1989/1989   | 100.0% |            |
+--------------+-------------+--------+------------+
| ≤2           | 1989/1989   | 100.0% |            |
+--------------+-------------+--------+------------+
| ≤3           | 1989/1989   | 100.0% |            |
+--------------+-------------+--------+------------+
| ≤4           | 1989/1989   | 100.0% |            |
+--------------+-------------+--------+------------+
| ≤5           | 1989/1989   | 100.0% |            |
+--------------+-------------+--------+------------+
| ≤6           | 1989/1989   | 100.0% |            |
+--------------+-------------+--------+------------+

📊 STRUCTURAL RING COUNT DISTRIBUTION (ALL Molecules):
+---------+---------+--------------+
| Rings   | Count   | Percentage   |
+=========+=========+==============+
| 0       | 1989    | 99.5%        |
+---------+---------+--------------+

📊 CHEMICAL RING COUNT DISTRIBUTION (Valid Molecules Only):
+---------+---------+--------------+
| Rings   | Count   | Percentage   |
+=========+=========+==============+
| 0       | 1989    | 100.0%       |
+---------+---------+--------------+

📊 MOLECULAR QUALITY METRICS (ALL Molecules):
+---------------------------+---------------+
| Metric                    | Value         |
+===========================+===============+
| Total Molecules Generated | 2,000         |
+---------------------------+---------------+
| Valid Molecules (RDKit)   | 1,989 (99.5%) |
+---------------------------+---------------+
| Invalid Molecules         | 11 (0.5%)     |
+---------------------------+---------------+
| Connectivity Issues       | 0.0%          |
+---------------------------+---------------+
| Average Molecular Weight  | 126.4         |
+---------------------------+---------------+
| Average Number of Atoms   | 8.8           |
+---------------------------+---------------+
| Average Number of Bonds   | 7.8           |
+---------------------------+---------------+
| Average Ring Count        | 0.0           |
+---------------------------+---------------+

🎯 MOLECULAR QUALITY METRICS (Valid Molecules Only):
+--------------------------+----------------+
| Metric                   | Value          |
+==========================+================+
| Valid Molecules (RDKit)  | 1,989 (99.5%)  |
+--------------------------+----------------+
| Unique Molecules         | 1,881 (94.6%)  |
+--------------------------+----------------+
| Novel Molecules          | 1,881 (100.0%) |
+--------------------------+----------------+
| FCD Score                | 10.657         |
+--------------------------+----------------+
| Average Molecular Weight | 126.4          |
+--------------------------+----------------+
| Average Number of Atoms  | 8.8            |
+--------------------------+----------------+
| Average Number of Bonds  | 7.8            |
+--------------------------+----------------+
| Average Ring Count       | 0.0            |
+--------------------------+----------------+
| Average Ring Length      | 0.0            |
+--------------------------+----------------+
| Average Valency          | 3.5            |
+--------------------------+----------------+

🧪 CHEMICAL VALIDATION METRICS (ALL Generated Molecules):
+---------------------+--------+----------------------------------------------------+
| Metric              | Rate   | Description                                        |
+=====================+========+====================================================+
| Structurally Valid  | 99.5%  | Basic graph structure (atoms > 0, bonds ≥ 0)       |
+---------------------+--------+----------------------------------------------------+
| Chemically Valid    | 76.1%  | Passes valency, connectivity, and atom type checks |
+---------------------+--------+----------------------------------------------------+
| RDKit Valid         | 99.5%  | Can be parsed by RDKit library                     |
+---------------------+--------+----------------------------------------------------+
| Valency Violations  | 23.4%  | Atoms with incorrect valence                       |
+---------------------+--------+----------------------------------------------------+
| Connectivity Issues | 0.0%   | Molecules with multiple disconnected components    |
+---------------------+--------+----------------------------------------------------+

🔍 GAP ANALYSIS (ConStruct Philosophy):
+-------------------------------+-----------------------------------------------------------------------+
| Metric                        | Value                                                                 |
+===============================+=======================================================================+
| Structural Satisfaction (ALL) | 99.5%                                                                 |
+-------------------------------+-----------------------------------------------------------------------+
| Chemical Satisfaction (Valid) | 100.0%                                                                |
+-------------------------------+-----------------------------------------------------------------------+
| Gap (Structural - Chemical)   | -0.5%                                                                 |
+-------------------------------+-----------------------------------------------------------------------+
| Gap Explanation               | Shows difference between structural enforcement and chemical validity |
+-------------------------------+-----------------------------------------------------------------------+

⏱️ TIMING METRICS:
+------------------------+-----------------+
| Metric                 | Value           |
+========================+=================+
| Total Sampling Time    | 1263.17 seconds |
+------------------------+-----------------+
| Average Time per Batch | 126.32 seconds  |
+------------------------+-----------------+
| Number of Batches      | 10              |
+------------------------+-----------------+

================================================================================

================================================================================
All smiles saved on rank 0
Done. Sampling took 1284.27 seconds

Test ends.
wandb: Waiting for W&B process to finish... (success).
wandb: - 186.681 MB of 186.681 MB uploaded (0.000 MB deduped)wandb: \ 186.681 MB of 186.681 MB uploaded (0.000 MB deduped)wandb: | 186.681 MB of 186.681 MB uploaded (0.000 MB deduped)wandb: / 186.681 MB of 186.681 MB uploaded (0.000 MB deduped)wandb: - 186.681 MB of 186.681 MB uploaded (0.000 MB deduped)wandb: \ 186.681 MB of 186.681 MB uploaded (0.000 MB deduped)wandb: | 186.681 MB of 186.681 MB uploaded (0.000 MB deduped)wandb: 
wandb: Run history:
wandb:                                  test/E_kl ▁
wandb:                                  test/X_kl ▁
wandb:                            test/charges_kl ▁
wandb:                             test/epoch_NLL ▁
wandb:                         test_ratio/average ▁
wandb:                       test_ratio/fcd score ▁
wandb:                     test_sampling/ChargeW1 ▁
wandb:                  test_sampling/EdgeTypesTV ▁
wandb:                test_sampling/MaxComponents ▁
wandb:               test_sampling/MeanComponents ▁
wandb:                  test_sampling/NodeTypesTV ▁
wandb:                      test_sampling/Novelty ▁
wandb:                   test_sampling/NumNodesW1 ▁
wandb:                   test_sampling/Uniqueness ▁
wandb:                    test_sampling/ValencyW1 ▁
wandb:                     test_sampling/Validity ▁
wandb:                    test_sampling/fcd score ▁
wandb:           test_sampling/lobster_components ▁
wandb:                    test_sampling/no_cycles ▁
wandb:                    test_sampling/planarity ▁
wandb:    test_sampling/post_gen/chemically_valid ▁
wandb: test_sampling/post_gen/connectivity_issues ▁
wandb:         test_sampling/post_gen/rdkit_valid ▁
wandb:  test_sampling/post_gen/structurally_valid ▁
wandb:  test_sampling/post_gen/valency_violations ▁
wandb:      test_sampling/ring_count_satisfaction ▁
wandb: 
wandb: Run summary:
wandb:                                  test/E_kl 65.75221
wandb:                                  test/X_kl 3.19782
wandb:                            test/charges_kl 0.58784
wandb:                             test/epoch_NLL 70.09349
wandb:                         test_ratio/average 12.34999
wandb:                       test_ratio/fcd score 12.34999
wandb:                     test_sampling/ChargeW1 0.00967
wandb:                  test_sampling/EdgeTypesTV 0.14682
wandb:                test_sampling/MaxComponents 2.0
wandb:               test_sampling/MeanComponents 1.0105
wandb:                  test_sampling/NodeTypesTV 0.03632
wandb:                      test_sampling/Novelty 100.0
wandb:                   test_sampling/NumNodesW1 0.00802
wandb:                   test_sampling/Uniqueness 94.57014
wandb:                    test_sampling/ValencyW1 0.38929
wandb:                     test_sampling/Validity 99.45
wandb:                    test_sampling/fcd score 10.65677
wandb:           test_sampling/lobster_components 1.0
wandb:                    test_sampling/no_cycles 1.0
wandb:                    test_sampling/planarity 1.0
wandb:    test_sampling/post_gen/chemically_valid 0.761
wandb: test_sampling/post_gen/connectivity_issues 0.0
wandb:         test_sampling/post_gen/rdkit_valid 0.9945
wandb:  test_sampling/post_gen/structurally_valid 0.9945
wandb:  test_sampling/post_gen/valency_violations 0.2335
wandb:      test_sampling/ring_count_satisfaction 1.0
wandb: 
wandb: 🚀 View run qm9_thesis_ring_count_at_most_0 at: https://wandb.ai/islekrana-universit-di-padova/ConStruct_qm9/runs/c01ffgsb
wandb: Synced 6 W&B file(s), 700 media file(s), 2 artifact file(s) and 5 other file(s)
wandb: Find logs at: ./wandb/run-20250809_010726-c01ffgsb/logs
────────────────────────────────────────────────────────────────────────────────────────────────────────────────────────
       Test metric             DataLoader 0
────────────────────────────────────────────────────────────────────────────────────────────────────────────────────────
        test/E_kl            65.75221252441406
        test/X_kl            3.197815179824829
     test/charges_kl        0.5878423452377319
     test/epoch_NLL          70.09349060058594
────────────────────────────────────────────────────────────────────────────────────────────────────────────────────────
Experiment completed at Sat 09 Aug 2025 01:29:32 AM UTC
