torch version: 2.0.1+cu118
CUDA available: True
CUDA device: NVIDIA RTX 2000 Ada Generation
=== Running Experiment: qm9_no_constraint_debug ===
Config: debug/no_constraint/qm9_debug_no_constraint
Job ID: 975267
Node: debug00
Time: Wed 06 Aug 2025 05:03:02 PM UTC
<frozen importlib._bootstrap>:228: RuntimeWarning: to-Python converter for std::pair<double, double> already registered; second conversion method ignored.
[rank: 0] Global seed set to 0
Loading reference metrics.
Edge-deletion transition model (for 'at most' constraints)
GPU available: True (cuda), used: True
TPU available: False, using: 0 TPU cores
IPU available: False, using: 0 IPUs
HPU available: False, using: 0 HPUs
[rank: 0] Global seed set to 0
Initializing distributed: GLOBAL_RANK: 0, MEMBER: 1/1
[2025-08-06 17:03:12,127][torch.distributed.distributed_c10d][INFO] - Added key: store_based_barrier_key:1 to store for rank: 0
[2025-08-06 17:03:12,127][torch.distributed.distributed_c10d][INFO] - Rank 0: Completed store-based barrier for key:store_based_barrier_key:1 with 1 nodes.
----------------------------------------------------------------------------------------------------
distributed_backend=nccl
All distributed processes registered. Starting with 1 processes
----------------------------------------------------------------------------------------------------

You are using a CUDA device ('NVIDIA RTX 2000 Ada Generation') that has Tensor Cores. To properly utilize them, you should set `torch.set_float32_matmul_precision('medium' | 'high')` which will trade-off precision for performance. For more details, read https://pytorch.org/docs/stable/generated/torch.set_float32_matmul_precision.html#torch.set_float32_matmul_precision
/home/rislek/.conda/envs/construct-env/lib/python3.9/site-packages/pytorch_lightning/callbacks/model_checkpoint.py:615: UserWarning: Checkpoint directory checkpoints/qm9_debug_no_constraint exists and is not empty.
  rank_zero_warn(f"Checkpoint directory {dirpath} exists and is not empty.")
LOCAL_RANK: 0 - CUDA_VISIBLE_DEVICES: [0]

  | Name                  | Type                  | Params
----------------------------------------------------------------
0 | train_loss            | TrainLoss             | 0     
1 | train_metrics         | TrainMolecularMetrics | 0     
2 | val_metrics           | MetricCollection      | 0     
3 | val_nll               | NLL                   | 0     
4 | val_sampling_metrics  | SamplingMetrics       | 0     
5 | test_metrics          | MetricCollection      | 0     
6 | test_nll              | NLL                   | 0     
7 | test_sampling_metrics | SamplingMetrics       | 0     
8 | model                 | GraphTransformer      | 1.9 M 
----------------------------------------------------------------
1.9 M     Trainable params
0         Non-trainable params
1.9 M     Total params
7.446     Total estimated model params size (MB)
SLURM auto-requeueing enabled. Setting signal handlers.
Epoch 0: val/epoch_NLL: 127.32 -- val/X_kl: 7.40 -- val/E_kl: 108.43 -- val/charges_kl: 5.01 
Val loss: 127.3223 	 Best val loss:  127.3223

Val epoch 0 ends
Starting epoch 0
[2025-08-06 17:03:14,377][torch.nn.parallel.distributed][INFO] - Reducer buckets have been rebuilt in this iteration.
Train epoch 0 ends
Epoch 0 finished: X: 0.52 -- charges: 0.09 -- E: 0.41 -- y: -1.00 -- 208.2s 
Epoch 0: {'CarbonCE': 0.398, 'NitroCE': 0.237, 'OxyCE': 0.287, 'FluorCE': 0.015} -- {'NoBondCE': 0.343, 'SingleCE': 0.321, 'DoubleCE': 0.068, 'TripleCE': 0.027, 'AromaticCE': 0.005}
Starting epoch 1
Train epoch 1 ends
Epoch 1 finished: X: 0.48 -- charges: 0.09 -- E: 0.39 -- y: -1.00 -- 202.7s 
Epoch 1: {'CarbonCE': 0.373, 'NitroCE': 0.223, 'OxyCE': 0.268, 'FluorCE': 0.01} -- {'NoBondCE': 0.33, 'SingleCE': 0.309, 'DoubleCE': 0.062, 'TripleCE': 0.022, 'AromaticCE': 0.0}
Starting epoch 2
Epoch 2: val/epoch_NLL: 73.93 -- val/X_kl: 3.24 -- val/E_kl: 69.50 -- val/charges_kl: 0.65 
Val loss: 73.9322 	 Best val loss:  73.9322

Sampling start
Sampling a batch with 20 graphs on local rank 0. Saving 20 visualization and 5 full chains.
🔧 No constraint training - generating unrestricted graphs
Batch sampled. Visualizing chains starts!
1/5 chains saved on local rank 0.Saving /extra/rislek/ConStruct-Thesis/ConStruct/chains/epoch2/batch20_GR0/molecule_20_0.gif to wandb
2/5 chains saved on local rank 0.Saving /extra/rislek/ConStruct-Thesis/ConStruct/chains/epoch2/batch20_GR0/molecule_21_0.gif to wandb
3/5 chains saved on local rank 0.Saving /extra/rislek/ConStruct-Thesis/ConStruct/chains/epoch2/batch20_GR0/molecule_22_0.gif to wandb
4/5 chains saved on local rank 0.Saving /extra/rislek/ConStruct-Thesis/ConStruct/chains/epoch2/batch20_GR0/molecule_23_0.gif to wandb
5/5 chains saved on local rank 0.Saving /extra/rislek/ConStruct-Thesis/ConStruct/chains/epoch2/batch20_GR0/molecule_24_0.gif to wandb
Visualizing 20 graphs out of 20
Saving /extra/rislek/ConStruct-Thesis/ConStruct/graphs/qm9_debug_no_constraint/epoch2_b20/graph_0.png to wandb
Saving /extra/rislek/ConStruct-Thesis/ConStruct/graphs/qm9_debug_no_constraint/epoch2_b20/graph_1.png to wandb
Saving /extra/rislek/ConStruct-Thesis/ConStruct/graphs/qm9_debug_no_constraint/epoch2_b20/graph_2.png to wandb
Done.
Sampling a batch with 30 graphs on local rank 0. Saving 0 visualization and 0 full chains.
Done.
Sampled 2 batches on local rank 0. Sampling took 35.43 seconds

Computing sampling metrics on 0...
Error messages: AtomValence 5, Kekulize 0, other 0,  -- No error 45
Some generated smiles: CC([NH-])C1OCC2[N-]C21 COCC[NH+]1CC1OC C#CC1C2(N)CC13OC23 CC1=CCC2C(O)=C2N1 Cc1nc2c(o1)=CC=2N CC1(C)CCC(O)OC1 C[NH+]1CC23CC1CC2C3 C#CC1OC2CC2C1O error CC1N=CC2OC=C1O2

================================================================================
🎯 COMPREHENSIVE CONSTRAINT ANALYSIS (NO ENFORCED CONSTRAINT)
================================================================================
📊 MOLECULAR QUALITY METRICS (ALL Molecules)
+---------------------------+------------+
| Metric                    | Value      |
+===========================+============+
| Total Molecules Generated | 50         |
+---------------------------+------------+
| Valid Molecules (RDKit)   | 45 (90.0%) |
+---------------------------+------------+
| Invalid Molecules         | 5 (10.0%)  |
+---------------------------+------------+
| Disconnected Molecules    | 0.0%       |
+---------------------------+------------+
| Unique Molecules          | 50         |
+---------------------------+------------+
| Uniqueness Rate           | 100.0%     |
+---------------------------+------------+
| Novel Molecules           | 50         |
+---------------------------+------------+
| Novelty Rate              | 100.0%     |
+---------------------------+------------+
| Average Molecular Weight  | 124.8      |
+---------------------------+------------+
| Average Number of Atoms   | 8.9        |
+---------------------------+------------+
| Average Number of Bonds   | 9.7        |
+---------------------------+------------+
| Average Ring Count        | 1.9        |
+---------------------------+------------+

🎯 MOLECULAR QUALITY METRICS (Valid Molecules Only)
+--------------------------+---------+
| Metric                   | Value   |
+==========================+=========+
| Valid Molecules Count    | 45      |
+--------------------------+---------+
| Validity Rate            | 90.0%   |
+--------------------------+---------+
| Disconnected Molecules   | 0.0%    |
+--------------------------+---------+
| Unique Molecules         | 45      |
+--------------------------+---------+
| Uniqueness Rate          | 100.0%  |
+--------------------------+---------+
| Novel Molecules          | 45      |
+--------------------------+---------+
| Novelty Rate             | 100.0%  |
+--------------------------+---------+
| FCD Score                | 7.068   |
+--------------------------+---------+
| Average Molecular Weight | 124.8   |
+--------------------------+---------+
| Average Number of Atoms  | 8.9     |
+--------------------------+---------+
| Average Number of Bonds  | 9.7     |
+--------------------------+---------+
| Average Ring Count       | 1.9     |
+--------------------------+---------+
| Average Ring Length      | 4.3     |
+--------------------------+---------+
| Average Valency          | 3.5     |
+--------------------------+---------+

⏱️ TIMING METRICS
+------------------------+---------------+
| Metric                 | Value         |
+========================+===============+
| Total Sampling Time    | 35.42 seconds |
+------------------------+---------------+
| Average Time per Batch | 17.71 seconds |
+------------------------+---------------+
| Number of Batches      | 2             |
+------------------------+---------------+

🏗️ STRUCTURAL CONSTRAINT SATISFACTION (ALL Molecules - ConStruct Philosophy)
+---------------------+--------------------+-------------------+-----------------------+---------------------+
| Constraint Type     | Constraint Value   | Total Molecules   | Satisfied Molecules   | Satisfaction Rate   |
+=====================+====================+===================+=======================+=====================+
| ring_count_at_most  | ≤0                 | 50                | 2                     | 4.0%                |
+---------------------+--------------------+-------------------+-----------------------+---------------------+
| ring_count_at_most  | ≤1                 | 50                | 21                    | 42.0%               |
+---------------------+--------------------+-------------------+-----------------------+---------------------+
| ring_count_at_most  | ≤2                 | 50                | 33                    | 66.0%               |
+---------------------+--------------------+-------------------+-----------------------+---------------------+
| ring_count_at_most  | ≤3                 | 50                | 38                    | 76.0%               |
+---------------------+--------------------+-------------------+-----------------------+---------------------+
| ring_count_at_most  | ≤4                 | 50                | 44                    | 88.0%               |
+---------------------+--------------------+-------------------+-----------------------+---------------------+
| ring_count_at_most  | ≤5                 | 50                | 45                    | 90.0%               |
+---------------------+--------------------+-------------------+-----------------------+---------------------+
| ring_length_at_most | ≤3                 | 50                | 10                    | 20.0%               |
+---------------------+--------------------+-------------------+-----------------------+---------------------+
| ring_length_at_most | ≤4                 | 50                | 21                    | 42.0%               |
+---------------------+--------------------+-------------------+-----------------------+---------------------+
| ring_length_at_most | ≤5                 | 50                | 35                    | 70.0%               |
+---------------------+--------------------+-------------------+-----------------------+---------------------+
| ring_length_at_most | ≤6                 | 50                | 43                    | 86.0%               |
+---------------------+--------------------+-------------------+-----------------------+---------------------+
| ring_length_at_most | ≤7                 | 50                | 44                    | 88.0%               |
+---------------------+--------------------+-------------------+-----------------------+---------------------+
| ring_length_at_most | ≤8                 | 50                | 45                    | 90.0%               |
+---------------------+--------------------+-------------------+-----------------------+---------------------+
| planar              | Planar             | 45                | 45                    | 100.0%              |
+---------------------+--------------------+-------------------+-----------------------+---------------------+

🧪 CHEMICAL CONSTRAINT SATISFACTION (Valid Molecules Only)
+---------------------+--------------------+-------------------+-----------------------+---------------------+
| Constraint Type     | Constraint Value   | Total Molecules   | Satisfied Molecules   | Satisfaction Rate   |
+=====================+====================+===================+=======================+=====================+
| ring_count_at_most  | ≤0                 | 45                | 2                     | 4.4%                |
+---------------------+--------------------+-------------------+-----------------------+---------------------+
| ring_count_at_most  | ≤1                 | 45                | 21                    | 46.7%               |
+---------------------+--------------------+-------------------+-----------------------+---------------------+
| ring_count_at_most  | ≤2                 | 45                | 33                    | 73.3%               |
+---------------------+--------------------+-------------------+-----------------------+---------------------+
| ring_count_at_most  | ≤3                 | 45                | 38                    | 84.4%               |
+---------------------+--------------------+-------------------+-----------------------+---------------------+
| ring_count_at_most  | ≤4                 | 45                | 44                    | 97.8%               |
+---------------------+--------------------+-------------------+-----------------------+---------------------+
| ring_count_at_most  | ≤5                 | 45                | 45                    | 100.0%              |
+---------------------+--------------------+-------------------+-----------------------+---------------------+
| ring_length_at_most | ≤3                 | 45                | 10                    | 22.2%               |
+---------------------+--------------------+-------------------+-----------------------+---------------------+
| ring_length_at_most | ≤4                 | 45                | 21                    | 46.7%               |
+---------------------+--------------------+-------------------+-----------------------+---------------------+
| ring_length_at_most | ≤5                 | 45                | 35                    | 77.8%               |
+---------------------+--------------------+-------------------+-----------------------+---------------------+
| ring_length_at_most | ≤6                 | 45                | 43                    | 95.6%               |
+---------------------+--------------------+-------------------+-----------------------+---------------------+
| ring_length_at_most | ≤7                 | 45                | 44                    | 97.8%               |
+---------------------+--------------------+-------------------+-----------------------+---------------------+
| ring_length_at_most | ≤8                 | 45                | 45                    | 100.0%              |
+---------------------+--------------------+-------------------+-----------------------+---------------------+
| planar              | Planar             | 45                | 45                    | 100.0%              |
+---------------------+--------------------+-------------------+-----------------------+---------------------+

🧪 CHEMICAL VALIDATION METRICS (ALL Generated Molecules)
+---------------------+--------+----------------------------------------------------+
| Metric              | Rate   | Description                                        |
+=====================+========+====================================================+
| Structurally Valid  | 90.0%  | Basic graph structure (atoms > 0, bonds ≥ 0)       |
+---------------------+--------+----------------------------------------------------+
| Chemically Valid    | 68.0%  | Passes valency, connectivity, and atom type checks |
+---------------------+--------+----------------------------------------------------+
| RDKit Valid         | 90.0%  | Can be parsed by RDKit library                     |
+---------------------+--------+----------------------------------------------------+
| Valency Violations  | 22.0%  | Atoms with incorrect valence                       |
+---------------------+--------+----------------------------------------------------+
| Connectivity Issues | 0.0%   | Molecules with multiple disconnected components    |
+---------------------+--------+----------------------------------------------------+

🔍 GAP ANALYSIS (Structural vs Chemical Satisfaction)
+------------------------+--------------------+--------------------+--------+
| Constraint             | Structural (ALL)   | Chemical (Valid)   | Gap    |
+========================+====================+====================+========+
| ring_count_at_most ≤0  | 4.0%               | 4.4%               | -0.4%  |
+------------------------+--------------------+--------------------+--------+
| ring_count_at_most ≤1  | 42.0%              | 46.7%              | -4.7%  |
+------------------------+--------------------+--------------------+--------+
| ring_count_at_most ≤2  | 66.0%              | 73.3%              | -7.3%  |
+------------------------+--------------------+--------------------+--------+
| ring_count_at_most ≤3  | 76.0%              | 84.4%              | -8.4%  |
+------------------------+--------------------+--------------------+--------+
| ring_count_at_most ≤4  | 88.0%              | 97.8%              | -9.8%  |
+------------------------+--------------------+--------------------+--------+
| ring_count_at_most ≤5  | 90.0%              | 100.0%             | -10.0% |
+------------------------+--------------------+--------------------+--------+
| ring_length_at_most ≤3 | 20.0%              | 22.2%              | -2.2%  |
+------------------------+--------------------+--------------------+--------+
| ring_length_at_most ≤4 | 42.0%              | 46.7%              | -4.7%  |
+------------------------+--------------------+--------------------+--------+
| ring_length_at_most ≤5 | 70.0%              | 77.8%              | -7.8%  |
+------------------------+--------------------+--------------------+--------+
| ring_length_at_most ≤6 | 86.0%              | 95.6%              | -9.6%  |
+------------------------+--------------------+--------------------+--------+
| ring_length_at_most ≤7 | 88.0%              | 97.8%              | -9.8%  |
+------------------------+--------------------+--------------------+--------+
| ring_length_at_most ≤8 | 90.0%              | 100.0%             | -10.0% |
+------------------------+--------------------+--------------------+--------+
| planar Planar          | 100.0%             | 100.0%             | 0.0%   |
+------------------------+--------------------+--------------------+--------+
================================================================================
Val epoch 2 ends
Train epoch 2 ends
Epoch 2 finished: X: 0.48 -- charges: 0.08 -- E: 0.38 -- y: -1.00 -- 265.6s 
Epoch 2: {'CarbonCE': 0.369, 'NitroCE': 0.22, 'OxyCE': 0.266, 'FluorCE': 0.01} -- {'NoBondCE': 0.328, 'SingleCE': 0.308, 'DoubleCE': 0.06, 'TripleCE': 0.022, 'AromaticCE': 0.0}
Starting epoch 3
Train epoch 3 ends
Epoch 3 finished: X: 0.48 -- charges: 0.08 -- E: 0.38 -- y: -1.00 -- 206.0s 
Epoch 3: {'CarbonCE': 0.366, 'NitroCE': 0.218, 'OxyCE': 0.264, 'FluorCE': 0.01} -- {'NoBondCE': 0.327, 'SingleCE': 0.306, 'DoubleCE': 0.06, 'TripleCE': 0.022, 'AromaticCE': 0.0}
Starting epoch 4
Train epoch 4 ends
Epoch 4 finished: X: 0.47 -- charges: 0.08 -- E: 0.38 -- y: -1.00 -- 205.8s 
Epoch 4: {'CarbonCE': 0.366, 'NitroCE': 0.218, 'OxyCE': 0.264, 'FluorCE': 0.01} -- {'NoBondCE': 0.326, 'SingleCE': 0.305, 'DoubleCE': 0.06, 'TripleCE': 0.021, 'AromaticCE': 0.0}
Starting epoch 5
Epoch 5: val/epoch_NLL: 74.29 -- val/X_kl: 3.17 -- val/E_kl: 69.98 -- val/charges_kl: 0.58 
Val loss: 74.2910 	 Best val loss:  73.9322

Sampling start
Sampling a batch with 20 graphs on local rank 0. Saving 20 visualization and 5 full chains.
Batch sampled. Visualizing chains starts!
1/5 chains saved on local rank 0.Saving /extra/rislek/ConStruct-Thesis/ConStruct/chains/epoch5/batch20_GR0/molecule_20_0.gif to wandb
2/5 chains saved on local rank 0.Saving /extra/rislek/ConStruct-Thesis/ConStruct/chains/epoch5/batch20_GR0/molecule_21_0.gif to wandb
3/5 chains saved on local rank 0.Saving /extra/rislek/ConStruct-Thesis/ConStruct/chains/epoch5/batch20_GR0/molecule_22_0.gif to wandb
4/5 chains saved on local rank 0.Saving /extra/rislek/ConStruct-Thesis/ConStruct/chains/epoch5/batch20_GR0/molecule_23_0.gif to wandb
5/5 chains saved on local rank 0.Saving /extra/rislek/ConStruct-Thesis/ConStruct/chains/epoch5/batch20_GR0/molecule_24_0.gif to wandb
Visualizing 20 graphs out of 20
Saving /extra/rislek/ConStruct-Thesis/ConStruct/graphs/qm9_debug_no_constraint/epoch5_b20/graph_0.png to wandb
Saving /extra/rislek/ConStruct-Thesis/ConStruct/graphs/qm9_debug_no_constraint/epoch5_b20/graph_1.png to wandb
Saving /extra/rislek/ConStruct-Thesis/ConStruct/graphs/qm9_debug_no_constraint/epoch5_b20/graph_2.png to wandb
Done.
Sampling a batch with 30 graphs on local rank 0. Saving 0 visualization and 0 full chains.
Done.
Sampled 2 batches on local rank 0. Sampling took 35.10 seconds

Computing sampling metrics on 0...
Error messages: AtomValence 1, Kekulize 0, other 0,  -- No error 49
[rank: 0] Received SIGTERM: 15
Bypassing SIGTERM: 15
[rank: 0] Received SIGTERM: 15
Bypassing SIGTERM: 15
slurmstepd-debug00: error: *** JOB 975267 ON debug00 CANCELLED AT 2025-08-06T20:22:52 ***
[rank: 0] Received SIGTERM: 15
[rank: 0] Received SIGTERM: 15
Bypassing SIGTERM: 15
Bypassing SIGTERM: 15
[rank: 0] Received SIGTERM: 15
[rank: 0] Received SIGTERM: 15
Bypassing SIGTERM: 15
Bypassing SIGTERM: 15
