torch version: 2.0.1+cu118
CUDA available: True
CUDA device: NVIDIA RTX A5000
=== Running Experiment: ring_count_at_most_0_thesis ===
Config: thesis/edge_deletion/ring_count_at_most/qm9_thesis_ring_count_at_most_0
Job ID: 1013445
Node: vgpu1-0
Time: Mon 11 Aug 2025 01:50:09 PM UTC
<frozen importlib._bootstrap>:228: RuntimeWarning: to-Python converter for std::pair<double, double> already registered; second conversion method ignored.
[rank: 0] Global seed set to 0
Loading reference metrics.
Edge-deletion transition model (for 'at most' constraints)
[INFO] Early stopping enabled: monitoring 'val/epoch_NLL' with patience 30
GPU available: True (cuda), used: True
TPU available: False, using: 0 TPU cores
IPU available: False, using: 0 IPUs
HPU available: False, using: 0 HPUs
[rank: 0] Global seed set to 0
Initializing distributed: GLOBAL_RANK: 0, MEMBER: 1/1
[2025-08-11 13:50:18,892][torch.distributed.distributed_c10d][INFO] - Added key: store_based_barrier_key:1 to store for rank: 0
[2025-08-11 13:50:18,892][torch.distributed.distributed_c10d][INFO] - Rank 0: Completed store-based barrier for key:store_based_barrier_key:1 with 1 nodes.
----------------------------------------------------------------------------------------------------
distributed_backend=nccl
All distributed processes registered. Starting with 1 processes
----------------------------------------------------------------------------------------------------

You are using a CUDA device ('NVIDIA RTX A5000') that has Tensor Cores. To properly utilize them, you should set `torch.set_float32_matmul_precision('medium' | 'high')` which will trade-off precision for performance. For more details, read https://pytorch.org/docs/stable/generated/torch.set_float32_matmul_precision.html#torch.set_float32_matmul_precision
/home/rislek/.conda/envs/construct-env/lib/python3.9/site-packages/pytorch_lightning/callbacks/model_checkpoint.py:615: UserWarning: Checkpoint directory checkpoints/qm9_thesis_ring_count_at_most_0 exists and is not empty.
  rank_zero_warn(f"Checkpoint directory {dirpath} exists and is not empty.")
LOCAL_RANK: 0 - CUDA_VISIBLE_DEVICES: [0]

  | Name                  | Type                  | Params
----------------------------------------------------------------
0 | train_loss            | TrainLoss             | 0     
1 | train_metrics         | TrainMolecularMetrics | 0     
2 | val_metrics           | MetricCollection      | 0     
3 | val_nll               | NLL                   | 0     
4 | val_sampling_metrics  | SamplingMetrics       | 0     
5 | test_metrics          | MetricCollection      | 0     
6 | test_nll              | NLL                   | 0     
7 | test_sampling_metrics | SamplingMetrics       | 0     
8 | model                 | GraphTransformer      | 3.5 M 
----------------------------------------------------------------
3.5 M     Trainable params
0         Non-trainable params
3.5 M     Total params
13.901    Total estimated model params size (MB)
wandb: Currently logged in as: islekrana (islekrana-universit-di-padova). Use `wandb login --relogin` to force relogin
wandb: wandb version 0.21.1 is available!  To upgrade, please run:
wandb:  $ pip install wandb --upgrade
wandb: Tracking run with wandb version 0.15.4
wandb: Run data is saved locally in /extra/rislek/ConStruct-Thesis/ConStruct/wandb/run-20250811_135021-wepq6nnf
wandb: Run `wandb offline` to turn off syncing.
wandb: Syncing run qm9_thesis_ring_count_at_most_0
wandb: ⭐️ View project at https://wandb.ai/islekrana-universit-di-padova/ConStruct_qm9
wandb: 🚀 View run at https://wandb.ai/islekrana-universit-di-padova/ConStruct_qm9/runs/wepq6nnf
SLURM auto-requeueing enabled. Setting signal handlers.
Epoch 0: val/epoch_NLL: 279.43 -- val/X_kl: 5.66 -- val/E_kl: 254.33 -- val/charges_kl: 14.77 
Val loss: 279.4257 	 Best val loss:  279.4257

Val epoch 0 ends
Starting epoch 0
[2025-08-11 13:50:31,523][torch.nn.parallel.distributed][INFO] - Reducer buckets have been rebuilt in this iteration.
Train epoch 0 ends
Epoch 0 finished: X: 0.53 -- charges: 0.10 -- E: 0.41 -- y: -1.00 -- 157.2s 
Epoch 0: {'CarbonCE': 0.405, 'NitroCE': 0.244, 'OxyCE': 0.293, 'FluorCE': 0.015} -- {'NoBondCE': 0.345, 'SingleCE': 0.322, 'DoubleCE': 0.068, 'TripleCE': 0.027, 'AromaticCE': 0.004}
Starting epoch 1
Train epoch 1 ends
Epoch 1 finished: X: 0.48 -- charges: 0.08 -- E: 0.39 -- y: -1.00 -- 135.5s 
Epoch 1: {'CarbonCE': 0.373, 'NitroCE': 0.223, 'OxyCE': 0.268, 'FluorCE': 0.01} -- {'NoBondCE': 0.33, 'SingleCE': 0.309, 'DoubleCE': 0.061, 'TripleCE': 0.022, 'AromaticCE': 0.0}
Starting epoch 2
Train epoch 2 ends
Epoch 2 finished: X: 0.48 -- charges: 0.08 -- E: 0.38 -- y: -1.00 -- 134.5s 
Epoch 2: {'CarbonCE': 0.368, 'NitroCE': 0.22, 'OxyCE': 0.265, 'FluorCE': 0.01} -- {'NoBondCE': 0.328, 'SingleCE': 0.307, 'DoubleCE': 0.06, 'TripleCE': 0.022, 'AromaticCE': 0.0}
Starting epoch 3
Train epoch 3 ends
Epoch 3 finished: X: 0.47 -- charges: 0.08 -- E: 0.38 -- y: -1.00 -- 159.8s 
Epoch 3: {'CarbonCE': 0.365, 'NitroCE': 0.217, 'OxyCE': 0.263, 'FluorCE': 0.01} -- {'NoBondCE': 0.325, 'SingleCE': 0.304, 'DoubleCE': 0.059, 'TripleCE': 0.021, 'AromaticCE': 0.0}
Starting epoch 4
Train epoch 4 ends
Epoch 4 finished: X: 0.47 -- charges: 0.08 -- E: 0.38 -- y: -1.00 -- 152.4s 
Epoch 4: {'CarbonCE': 0.365, 'NitroCE': 0.217, 'OxyCE': 0.263, 'FluorCE': 0.009} -- {'NoBondCE': 0.324, 'SingleCE': 0.303, 'DoubleCE': 0.059, 'TripleCE': 0.021, 'AromaticCE': 0.0}
Starting epoch 5
Train epoch 5 ends
Epoch 5 finished: X: 0.47 -- charges: 0.08 -- E: 0.38 -- y: -1.00 -- 148.2s 
Epoch 5: {'CarbonCE': 0.363, 'NitroCE': 0.216, 'OxyCE': 0.263, 'FluorCE': 0.009} -- {'NoBondCE': 0.324, 'SingleCE': 0.303, 'DoubleCE': 0.06, 'TripleCE': 0.021, 'AromaticCE': 0.0}
Starting epoch 6
Train epoch 6 ends
Epoch 6 finished: X: 0.47 -- charges: 0.08 -- E: 0.38 -- y: -1.00 -- 147.4s 
Epoch 6: {'CarbonCE': 0.363, 'NitroCE': 0.216, 'OxyCE': 0.262, 'FluorCE': 0.009} -- {'NoBondCE': 0.324, 'SingleCE': 0.303, 'DoubleCE': 0.06, 'TripleCE': 0.021, 'AromaticCE': 0.0}
Starting epoch 7
Train epoch 7 ends
Epoch 7 finished: X: 0.47 -- charges: 0.08 -- E: 0.38 -- y: -1.00 -- 135.5s 
Epoch 7: {'CarbonCE': 0.36, 'NitroCE': 0.215, 'OxyCE': 0.26, 'FluorCE': 0.009} -- {'NoBondCE': 0.323, 'SingleCE': 0.302, 'DoubleCE': 0.059, 'TripleCE': 0.021, 'AromaticCE': 0.0}
Starting epoch 8
Train epoch 8 ends
Epoch 8 finished: X: 0.47 -- charges: 0.08 -- E: 0.38 -- y: -1.00 -- 135.9s 
Epoch 8: {'CarbonCE': 0.361, 'NitroCE': 0.214, 'OxyCE': 0.261, 'FluorCE': 0.009} -- {'NoBondCE': 0.322, 'SingleCE': 0.301, 'DoubleCE': 0.059, 'TripleCE': 0.021, 'AromaticCE': 0.0}
Starting epoch 9
Train epoch 9 ends
Epoch 9 finished: X: 0.47 -- charges: 0.08 -- E: 0.38 -- y: -1.00 -- 136.3s 
Epoch 9: {'CarbonCE': 0.361, 'NitroCE': 0.215, 'OxyCE': 0.261, 'FluorCE': 0.009} -- {'NoBondCE': 0.322, 'SingleCE': 0.302, 'DoubleCE': 0.059, 'TripleCE': 0.021, 'AromaticCE': 0.0}
Starting epoch 10
Train epoch 10 ends
Epoch 10 finished: X: 0.47 -- charges: 0.08 -- E: 0.38 -- y: -1.00 -- 134.8s 
Epoch 10: {'CarbonCE': 0.362, 'NitroCE': 0.215, 'OxyCE': 0.261, 'FluorCE': 0.009} -- {'NoBondCE': 0.323, 'SingleCE': 0.303, 'DoubleCE': 0.059, 'TripleCE': 0.021, 'AromaticCE': 0.0}
Starting epoch 11
Train epoch 11 ends
Epoch 11 finished: X: 0.47 -- charges: 0.08 -- E: 0.38 -- y: -1.00 -- 135.3s 
Epoch 11: {'CarbonCE': 0.359, 'NitroCE': 0.214, 'OxyCE': 0.259, 'FluorCE': 0.009} -- {'NoBondCE': 0.321, 'SingleCE': 0.301, 'DoubleCE': 0.059, 'TripleCE': 0.021, 'AromaticCE': 0.0}
Starting epoch 12
Train epoch 12 ends
Epoch 12 finished: X: 0.47 -- charges: 0.08 -- E: 0.38 -- y: -1.00 -- 134.8s 
Epoch 12: {'CarbonCE': 0.359, 'NitroCE': 0.214, 'OxyCE': 0.259, 'FluorCE': 0.009} -- {'NoBondCE': 0.321, 'SingleCE': 0.301, 'DoubleCE': 0.059, 'TripleCE': 0.021, 'AromaticCE': 0.0}
Starting epoch 13
Train epoch 13 ends
Epoch 13 finished: X: 0.47 -- charges: 0.08 -- E: 0.38 -- y: -1.00 -- 134.2s 
Epoch 13: {'CarbonCE': 0.359, 'NitroCE': 0.214, 'OxyCE': 0.259, 'FluorCE': 0.009} -- {'NoBondCE': 0.321, 'SingleCE': 0.3, 'DoubleCE': 0.059, 'TripleCE': 0.021, 'AromaticCE': 0.0}
Starting epoch 14
Train epoch 14 ends
Epoch 14 finished: X: 0.47 -- charges: 0.08 -- E: 0.38 -- y: -1.00 -- 135.1s 
Epoch 14: {'CarbonCE': 0.359, 'NitroCE': 0.214, 'OxyCE': 0.259, 'FluorCE': 0.009} -- {'NoBondCE': 0.321, 'SingleCE': 0.3, 'DoubleCE': 0.059, 'TripleCE': 0.021, 'AromaticCE': 0.0}
Starting epoch 15
Train epoch 15 ends
Epoch 15 finished: X: 0.46 -- charges: 0.08 -- E: 0.37 -- y: -1.00 -- 135.0s 
Epoch 15: {'CarbonCE': 0.358, 'NitroCE': 0.213, 'OxyCE': 0.259, 'FluorCE': 0.009} -- {'NoBondCE': 0.32, 'SingleCE': 0.3, 'DoubleCE': 0.059, 'TripleCE': 0.021, 'AromaticCE': 0.0}
Starting epoch 16
Train epoch 16 ends
Epoch 16 finished: X: 0.47 -- charges: 0.08 -- E: 0.38 -- y: -1.00 -- 134.3s 
Epoch 16: {'CarbonCE': 0.359, 'NitroCE': 0.215, 'OxyCE': 0.259, 'FluorCE': 0.009} -- {'NoBondCE': 0.322, 'SingleCE': 0.301, 'DoubleCE': 0.059, 'TripleCE': 0.021, 'AromaticCE': 0.0}
Starting epoch 17
Train epoch 17 ends
Epoch 17 finished: X: 0.46 -- charges: 0.08 -- E: 0.37 -- y: -1.00 -- 134.9s 
Epoch 17: {'CarbonCE': 0.358, 'NitroCE': 0.213, 'OxyCE': 0.259, 'FluorCE': 0.009} -- {'NoBondCE': 0.319, 'SingleCE': 0.299, 'DoubleCE': 0.058, 'TripleCE': 0.021, 'AromaticCE': 0.0}
Starting epoch 18
Train epoch 18 ends
Epoch 18 finished: X: 0.46 -- charges: 0.08 -- E: 0.37 -- y: -1.00 -- 134.7s 
Epoch 18: {'CarbonCE': 0.358, 'NitroCE': 0.214, 'OxyCE': 0.258, 'FluorCE': 0.009} -- {'NoBondCE': 0.32, 'SingleCE': 0.3, 'DoubleCE': 0.059, 'TripleCE': 0.021, 'AromaticCE': 0.0}
Starting epoch 19
Epoch 19: val/epoch_NLL: 69.86 -- val/X_kl: 3.16 -- val/E_kl: 65.52 -- val/charges_kl: 0.61 
Val loss: 69.8573 	 Best val loss:  69.8573

Val epoch 19 ends
Metric val/epoch_NLL improved. New best score: 69.857
Train epoch 19 ends
Epoch 19 finished: X: 0.47 -- charges: 0.08 -- E: 0.37 -- y: -1.00 -- 153.4s 
Epoch 19: {'CarbonCE': 0.358, 'NitroCE': 0.214, 'OxyCE': 0.259, 'FluorCE': 0.009} -- {'NoBondCE': 0.32, 'SingleCE': 0.3, 'DoubleCE': 0.059, 'TripleCE': 0.021, 'AromaticCE': 0.0}
Starting epoch 20
Train epoch 20 ends
Epoch 20 finished: X: 0.46 -- charges: 0.08 -- E: 0.37 -- y: -1.00 -- 137.2s 
Epoch 20: {'CarbonCE': 0.358, 'NitroCE': 0.213, 'OxyCE': 0.259, 'FluorCE': 0.009} -- {'NoBondCE': 0.32, 'SingleCE': 0.3, 'DoubleCE': 0.059, 'TripleCE': 0.021, 'AromaticCE': 0.0}
Starting epoch 21
Train epoch 21 ends
Epoch 21 finished: X: 0.46 -- charges: 0.08 -- E: 0.37 -- y: -1.00 -- 135.8s 
Epoch 21: {'CarbonCE': 0.357, 'NitroCE': 0.212, 'OxyCE': 0.258, 'FluorCE': 0.009} -- {'NoBondCE': 0.319, 'SingleCE': 0.299, 'DoubleCE': 0.058, 'TripleCE': 0.021, 'AromaticCE': 0.0}
Starting epoch 22
Train epoch 22 ends
Epoch 22 finished: X: 0.46 -- charges: 0.08 -- E: 0.37 -- y: -1.00 -- 144.3s 
Epoch 22: {'CarbonCE': 0.356, 'NitroCE': 0.212, 'OxyCE': 0.257, 'FluorCE': 0.008} -- {'NoBondCE': 0.319, 'SingleCE': 0.298, 'DoubleCE': 0.058, 'TripleCE': 0.021, 'AromaticCE': 0.0}
Starting epoch 23
Train epoch 23 ends
Epoch 23 finished: X: 0.46 -- charges: 0.08 -- E: 0.38 -- y: -1.00 -- 135.1s 
Epoch 23: {'CarbonCE': 0.358, 'NitroCE': 0.213, 'OxyCE': 0.259, 'FluorCE': 0.009} -- {'NoBondCE': 0.321, 'SingleCE': 0.3, 'DoubleCE': 0.059, 'TripleCE': 0.021, 'AromaticCE': 0.0}
Starting epoch 24
Train epoch 24 ends
Epoch 24 finished: X: 0.46 -- charges: 0.08 -- E: 0.37 -- y: -1.00 -- 147.9s 
Epoch 24: {'CarbonCE': 0.355, 'NitroCE': 0.212, 'OxyCE': 0.258, 'FluorCE': 0.008} -- {'NoBondCE': 0.318, 'SingleCE': 0.298, 'DoubleCE': 0.058, 'TripleCE': 0.021, 'AromaticCE': 0.0}
Starting epoch 25
Train epoch 25 ends
Epoch 25 finished: X: 0.46 -- charges: 0.08 -- E: 0.37 -- y: -1.00 -- 149.7s 
Epoch 25: {'CarbonCE': 0.357, 'NitroCE': 0.212, 'OxyCE': 0.258, 'FluorCE': 0.009} -- {'NoBondCE': 0.319, 'SingleCE': 0.299, 'DoubleCE': 0.058, 'TripleCE': 0.021, 'AromaticCE': 0.0}
Starting epoch 26
Train epoch 26 ends
Epoch 26 finished: X: 0.46 -- charges: 0.08 -- E: 0.37 -- y: -1.00 -- 145.3s 
Epoch 26: {'CarbonCE': 0.358, 'NitroCE': 0.213, 'OxyCE': 0.259, 'FluorCE': 0.009} -- {'NoBondCE': 0.319, 'SingleCE': 0.298, 'DoubleCE': 0.058, 'TripleCE': 0.021, 'AromaticCE': 0.0}
Starting epoch 27
Train epoch 27 ends
Epoch 27 finished: X: 0.46 -- charges: 0.08 -- E: 0.37 -- y: -1.00 -- 134.7s 
Epoch 27: {'CarbonCE': 0.357, 'NitroCE': 0.213, 'OxyCE': 0.258, 'FluorCE': 0.009} -- {'NoBondCE': 0.319, 'SingleCE': 0.299, 'DoubleCE': 0.059, 'TripleCE': 0.021, 'AromaticCE': 0.0}
Starting epoch 28
Train epoch 28 ends
Epoch 28 finished: X: 0.46 -- charges: 0.08 -- E: 0.37 -- y: -1.00 -- 140.2s 
Epoch 28: {'CarbonCE': 0.357, 'NitroCE': 0.213, 'OxyCE': 0.258, 'FluorCE': 0.009} -- {'NoBondCE': 0.32, 'SingleCE': 0.299, 'DoubleCE': 0.059, 'TripleCE': 0.021, 'AromaticCE': 0.0}
Starting epoch 29
Train epoch 29 ends
Epoch 29 finished: X: 0.46 -- charges: 0.08 -- E: 0.37 -- y: -1.00 -- 146.9s 
Epoch 29: {'CarbonCE': 0.356, 'NitroCE': 0.211, 'OxyCE': 0.258, 'FluorCE': 0.009} -- {'NoBondCE': 0.318, 'SingleCE': 0.298, 'DoubleCE': 0.058, 'TripleCE': 0.021, 'AromaticCE': 0.0}
Starting epoch 30
Train epoch 30 ends
Epoch 30 finished: X: 0.46 -- charges: 0.08 -- E: 0.37 -- y: -1.00 -- 148.6s 
Epoch 30: {'CarbonCE': 0.357, 'NitroCE': 0.212, 'OxyCE': 0.258, 'FluorCE': 0.009} -- {'NoBondCE': 0.319, 'SingleCE': 0.299, 'DoubleCE': 0.059, 'TripleCE': 0.021, 'AromaticCE': 0.0}
Starting epoch 31
Train epoch 31 ends
Epoch 31 finished: X: 0.46 -- charges: 0.08 -- E: 0.37 -- y: -1.00 -- 145.2s 
Epoch 31: {'CarbonCE': 0.356, 'NitroCE': 0.212, 'OxyCE': 0.258, 'FluorCE': 0.009} -- {'NoBondCE': 0.319, 'SingleCE': 0.299, 'DoubleCE': 0.058, 'TripleCE': 0.021, 'AromaticCE': 0.0}
Starting epoch 32
Train epoch 32 ends
Epoch 32 finished: X: 0.46 -- charges: 0.08 -- E: 0.37 -- y: -1.00 -- 134.6s 
Epoch 32: {'CarbonCE': 0.356, 'NitroCE': 0.212, 'OxyCE': 0.258, 'FluorCE': 0.009} -- {'NoBondCE': 0.319, 'SingleCE': 0.299, 'DoubleCE': 0.058, 'TripleCE': 0.021, 'AromaticCE': 0.0}
Starting epoch 33
Train epoch 33 ends
Epoch 33 finished: X: 0.46 -- charges: 0.08 -- E: 0.37 -- y: -1.00 -- 135.0s 
Epoch 33: {'CarbonCE': 0.357, 'NitroCE': 0.212, 'OxyCE': 0.259, 'FluorCE': 0.009} -- {'NoBondCE': 0.319, 'SingleCE': 0.299, 'DoubleCE': 0.058, 'TripleCE': 0.021, 'AromaticCE': 0.0}
Starting epoch 34
Train epoch 34 ends
Epoch 34 finished: X: 0.46 -- charges: 0.08 -- E: 0.37 -- y: -1.00 -- 135.1s 
Epoch 34: {'CarbonCE': 0.356, 'NitroCE': 0.212, 'OxyCE': 0.258, 'FluorCE': 0.009} -- {'NoBondCE': 0.319, 'SingleCE': 0.298, 'DoubleCE': 0.059, 'TripleCE': 0.021, 'AromaticCE': 0.0}
Starting epoch 35
Train epoch 35 ends
Epoch 35 finished: X: 0.46 -- charges: 0.08 -- E: 0.37 -- y: -1.00 -- 134.6s 
Epoch 35: {'CarbonCE': 0.355, 'NitroCE': 0.211, 'OxyCE': 0.257, 'FluorCE': 0.009} -- {'NoBondCE': 0.318, 'SingleCE': 0.297, 'DoubleCE': 0.058, 'TripleCE': 0.021, 'AromaticCE': 0.0}
Starting epoch 36
Train epoch 36 ends
Epoch 36 finished: X: 0.46 -- charges: 0.08 -- E: 0.37 -- y: -1.00 -- 135.4s 
Epoch 36: {'CarbonCE': 0.355, 'NitroCE': 0.212, 'OxyCE': 0.257, 'FluorCE': 0.009} -- {'NoBondCE': 0.319, 'SingleCE': 0.299, 'DoubleCE': 0.058, 'TripleCE': 0.021, 'AromaticCE': 0.0}
Starting epoch 37
Train epoch 37 ends
Epoch 37 finished: X: 0.46 -- charges: 0.08 -- E: 0.37 -- y: -1.00 -- 135.1s 
Epoch 37: {'CarbonCE': 0.356, 'NitroCE': 0.212, 'OxyCE': 0.257, 'FluorCE': 0.009} -- {'NoBondCE': 0.319, 'SingleCE': 0.298, 'DoubleCE': 0.058, 'TripleCE': 0.021, 'AromaticCE': 0.0}
Starting epoch 38
Train epoch 38 ends
Epoch 38 finished: X: 0.46 -- charges: 0.08 -- E: 0.37 -- y: -1.00 -- 134.9s 
Epoch 38: {'CarbonCE': 0.355, 'NitroCE': 0.211, 'OxyCE': 0.257, 'FluorCE': 0.009} -- {'NoBondCE': 0.318, 'SingleCE': 0.297, 'DoubleCE': 0.058, 'TripleCE': 0.021, 'AromaticCE': 0.0}
Starting epoch 39
Epoch 39: val/epoch_NLL: 70.07 -- val/X_kl: 3.10 -- val/E_kl: 65.83 -- val/charges_kl: 0.60 
Val loss: 70.0740 	 Best val loss:  69.8573

Val epoch 39 ends
Train epoch 39 ends
Epoch 39 finished: X: 0.46 -- charges: 0.08 -- E: 0.37 -- y: -1.00 -- 150.3s 
Epoch 39: {'CarbonCE': 0.357, 'NitroCE': 0.212, 'OxyCE': 0.259, 'FluorCE': 0.009} -- {'NoBondCE': 0.319, 'SingleCE': 0.299, 'DoubleCE': 0.058, 'TripleCE': 0.021, 'AromaticCE': 0.0}
Starting epoch 40
Train epoch 40 ends
Epoch 40 finished: X: 0.46 -- charges: 0.08 -- E: 0.37 -- y: -1.00 -- 148.0s 
Epoch 40: {'CarbonCE': 0.356, 'NitroCE': 0.212, 'OxyCE': 0.257, 'FluorCE': 0.009} -- {'NoBondCE': 0.318, 'SingleCE': 0.298, 'DoubleCE': 0.058, 'TripleCE': 0.021, 'AromaticCE': 0.0}
Starting epoch 41
Train epoch 41 ends
Epoch 41 finished: X: 0.46 -- charges: 0.08 -- E: 0.37 -- y: -1.00 -- 144.4s 
Epoch 41: {'CarbonCE': 0.356, 'NitroCE': 0.211, 'OxyCE': 0.257, 'FluorCE': 0.008} -- {'NoBondCE': 0.318, 'SingleCE': 0.298, 'DoubleCE': 0.058, 'TripleCE': 0.021, 'AromaticCE': 0.0}
Starting epoch 42
Train epoch 42 ends
Epoch 42 finished: X: 0.46 -- charges: 0.08 -- E: 0.37 -- y: -1.00 -- 144.3s 
Epoch 42: {'CarbonCE': 0.356, 'NitroCE': 0.212, 'OxyCE': 0.257, 'FluorCE': 0.008} -- {'NoBondCE': 0.318, 'SingleCE': 0.298, 'DoubleCE': 0.058, 'TripleCE': 0.021, 'AromaticCE': 0.0}
Starting epoch 43
Train epoch 43 ends
Epoch 43 finished: X: 0.46 -- charges: 0.08 -- E: 0.37 -- y: -1.00 -- 134.1s 
Epoch 43: {'CarbonCE': 0.355, 'NitroCE': 0.211, 'OxyCE': 0.257, 'FluorCE': 0.009} -- {'NoBondCE': 0.318, 'SingleCE': 0.298, 'DoubleCE': 0.059, 'TripleCE': 0.021, 'AromaticCE': 0.0}
Starting epoch 44
Train epoch 44 ends
Epoch 44 finished: X: 0.46 -- charges: 0.08 -- E: 0.37 -- y: -1.00 -- 134.6s 
Epoch 44: {'CarbonCE': 0.356, 'NitroCE': 0.211, 'OxyCE': 0.258, 'FluorCE': 0.009} -- {'NoBondCE': 0.319, 'SingleCE': 0.299, 'DoubleCE': 0.058, 'TripleCE': 0.021, 'AromaticCE': 0.0}
Starting epoch 45
Train epoch 45 ends
Epoch 45 finished: X: 0.46 -- charges: 0.08 -- E: 0.37 -- y: -1.00 -- 134.4s 
Epoch 45: {'CarbonCE': 0.354, 'NitroCE': 0.211, 'OxyCE': 0.256, 'FluorCE': 0.008} -- {'NoBondCE': 0.317, 'SingleCE': 0.297, 'DoubleCE': 0.058, 'TripleCE': 0.021, 'AromaticCE': 0.0}
Starting epoch 46
Train epoch 46 ends
Epoch 46 finished: X: 0.46 -- charges: 0.08 -- E: 0.37 -- y: -1.00 -- 134.0s 
Epoch 46: {'CarbonCE': 0.357, 'NitroCE': 0.212, 'OxyCE': 0.258, 'FluorCE': 0.009} -- {'NoBondCE': 0.318, 'SingleCE': 0.298, 'DoubleCE': 0.058, 'TripleCE': 0.021, 'AromaticCE': 0.0}
Starting epoch 47
Train epoch 47 ends
Epoch 47 finished: X: 0.46 -- charges: 0.08 -- E: 0.37 -- y: -1.00 -- 134.4s 
Epoch 47: {'CarbonCE': 0.356, 'NitroCE': 0.212, 'OxyCE': 0.257, 'FluorCE': 0.009} -- {'NoBondCE': 0.318, 'SingleCE': 0.298, 'DoubleCE': 0.058, 'TripleCE': 0.021, 'AromaticCE': 0.0}
Starting epoch 48
Train epoch 48 ends
Epoch 48 finished: X: 0.46 -- charges: 0.08 -- E: 0.37 -- y: -1.00 -- 134.5s 
Epoch 48: {'CarbonCE': 0.357, 'NitroCE': 0.212, 'OxyCE': 0.259, 'FluorCE': 0.009} -- {'NoBondCE': 0.318, 'SingleCE': 0.298, 'DoubleCE': 0.058, 'TripleCE': 0.021, 'AromaticCE': 0.0}
Starting epoch 49
Train epoch 49 ends
Epoch 49 finished: X: 0.46 -- charges: 0.08 -- E: 0.37 -- y: -1.00 -- 133.5s 
Epoch 49: {'CarbonCE': 0.356, 'NitroCE': 0.212, 'OxyCE': 0.257, 'FluorCE': 0.009} -- {'NoBondCE': 0.319, 'SingleCE': 0.298, 'DoubleCE': 0.058, 'TripleCE': 0.021, 'AromaticCE': 0.0}
Starting epoch 50
Train epoch 50 ends
Epoch 50 finished: X: 0.46 -- charges: 0.08 -- E: 0.37 -- y: -1.00 -- 134.1s 
Epoch 50: {'CarbonCE': 0.355, 'NitroCE': 0.212, 'OxyCE': 0.257, 'FluorCE': 0.009} -- {'NoBondCE': 0.318, 'SingleCE': 0.298, 'DoubleCE': 0.058, 'TripleCE': 0.021, 'AromaticCE': 0.0}
Starting epoch 51
Train epoch 51 ends
Epoch 51 finished: X: 0.46 -- charges: 0.08 -- E: 0.37 -- y: -1.00 -- 134.7s 
Epoch 51: {'CarbonCE': 0.356, 'NitroCE': 0.212, 'OxyCE': 0.258, 'FluorCE': 0.009} -- {'NoBondCE': 0.318, 'SingleCE': 0.297, 'DoubleCE': 0.058, 'TripleCE': 0.021, 'AromaticCE': 0.0}
Starting epoch 52
Train epoch 52 ends
Epoch 52 finished: X: 0.46 -- charges: 0.08 -- E: 0.37 -- y: -1.00 -- 137.1s 
Epoch 52: {'CarbonCE': 0.356, 'NitroCE': 0.212, 'OxyCE': 0.257, 'FluorCE': 0.008} -- {'NoBondCE': 0.318, 'SingleCE': 0.298, 'DoubleCE': 0.058, 'TripleCE': 0.021, 'AromaticCE': 0.0}
Starting epoch 53
Train epoch 53 ends
Epoch 53 finished: X: 0.46 -- charges: 0.08 -- E: 0.37 -- y: -1.00 -- 134.2s 
Epoch 53: {'CarbonCE': 0.355, 'NitroCE': 0.211, 'OxyCE': 0.257, 'FluorCE': 0.008} -- {'NoBondCE': 0.318, 'SingleCE': 0.297, 'DoubleCE': 0.058, 'TripleCE': 0.021, 'AromaticCE': 0.0}
Starting epoch 54
Train epoch 54 ends
Epoch 54 finished: X: 0.46 -- charges: 0.08 -- E: 0.37 -- y: -1.00 -- 138.7s 
Epoch 54: {'CarbonCE': 0.357, 'NitroCE': 0.212, 'OxyCE': 0.258, 'FluorCE': 0.009} -- {'NoBondCE': 0.319, 'SingleCE': 0.298, 'DoubleCE': 0.058, 'TripleCE': 0.021, 'AromaticCE': 0.0}
Starting epoch 55
Train epoch 55 ends
Epoch 55 finished: X: 0.46 -- charges: 0.08 -- E: 0.37 -- y: -1.00 -- 135.9s 
Epoch 55: {'CarbonCE': 0.355, 'NitroCE': 0.211, 'OxyCE': 0.257, 'FluorCE': 0.009} -- {'NoBondCE': 0.318, 'SingleCE': 0.298, 'DoubleCE': 0.058, 'TripleCE': 0.021, 'AromaticCE': 0.0}
Starting epoch 56
Train epoch 56 ends
Epoch 56 finished: X: 0.46 -- charges: 0.08 -- E: 0.37 -- y: -1.00 -- 134.2s 
Epoch 56: {'CarbonCE': 0.355, 'NitroCE': 0.211, 'OxyCE': 0.257, 'FluorCE': 0.009} -- {'NoBondCE': 0.317, 'SingleCE': 0.297, 'DoubleCE': 0.058, 'TripleCE': 0.021, 'AromaticCE': 0.0}
Starting epoch 57
Train epoch 57 ends
Epoch 57 finished: X: 0.46 -- charges: 0.08 -- E: 0.37 -- y: -1.00 -- 133.6s 
Epoch 57: {'CarbonCE': 0.355, 'NitroCE': 0.211, 'OxyCE': 0.257, 'FluorCE': 0.009} -- {'NoBondCE': 0.318, 'SingleCE': 0.298, 'DoubleCE': 0.058, 'TripleCE': 0.021, 'AromaticCE': 0.0}
Starting epoch 58
Train epoch 58 ends
Epoch 58 finished: X: 0.46 -- charges: 0.08 -- E: 0.37 -- y: -1.00 -- 133.6s 
Epoch 58: {'CarbonCE': 0.355, 'NitroCE': 0.212, 'OxyCE': 0.257, 'FluorCE': 0.009} -- {'NoBondCE': 0.316, 'SingleCE': 0.296, 'DoubleCE': 0.058, 'TripleCE': 0.021, 'AromaticCE': 0.0}
Starting epoch 59
Epoch 59: val/epoch_NLL: 70.37 -- val/X_kl: 3.11 -- val/E_kl: 66.12 -- val/charges_kl: 0.60 
Val loss: 70.3748 	 Best val loss:  69.8573

Val epoch 59 ends
Train epoch 59 ends
Epoch 59 finished: X: 0.46 -- charges: 0.08 -- E: 0.37 -- y: -1.00 -- 149.7s 
Epoch 59: {'CarbonCE': 0.353, 'NitroCE': 0.21, 'OxyCE': 0.256, 'FluorCE': 0.008} -- {'NoBondCE': 0.316, 'SingleCE': 0.296, 'DoubleCE': 0.058, 'TripleCE': 0.021, 'AromaticCE': 0.0}
Starting epoch 60
Train epoch 60 ends
Epoch 60 finished: X: 0.46 -- charges: 0.08 -- E: 0.37 -- y: -1.00 -- 134.0s 
Epoch 60: {'CarbonCE': 0.354, 'NitroCE': 0.211, 'OxyCE': 0.256, 'FluorCE': 0.009} -- {'NoBondCE': 0.317, 'SingleCE': 0.297, 'DoubleCE': 0.058, 'TripleCE': 0.021, 'AromaticCE': 0.0}
Starting epoch 61
Train epoch 61 ends
Epoch 61 finished: X: 0.46 -- charges: 0.08 -- E: 0.37 -- y: -1.00 -- 134.2s 
Epoch 61: {'CarbonCE': 0.355, 'NitroCE': 0.211, 'OxyCE': 0.256, 'FluorCE': 0.009} -- {'NoBondCE': 0.318, 'SingleCE': 0.298, 'DoubleCE': 0.058, 'TripleCE': 0.021, 'AromaticCE': 0.0}
Starting epoch 62
Train epoch 62 ends
Epoch 62 finished: X: 0.46 -- charges: 0.08 -- E: 0.37 -- y: -1.00 -- 133.8s 
Epoch 62: {'CarbonCE': 0.356, 'NitroCE': 0.212, 'OxyCE': 0.258, 'FluorCE': 0.009} -- {'NoBondCE': 0.318, 'SingleCE': 0.298, 'DoubleCE': 0.058, 'TripleCE': 0.021, 'AromaticCE': 0.0}
Starting epoch 63
slurmstepd-vgpu1-0: error: *** JOB 1013445 ON vgpu1-0 CANCELLED AT 2025-08-11T16:17:42 ***
[rank: 0] Received SIGTERM: 15
Bypassing SIGTERM: 15
wandb: While tearing down the service manager. The following error has occurred: [Errno 32] Broken pipe
